[2020-09-29 18:25:38,450] INFO - Some torch.cuda functionality unavailable
[2020-09-29 18:25:51,054] INFO - Epoch [1/80], Step [100/500] Loss: 1.7410
[2020-09-29 18:26:02,137] INFO - Epoch [1/80], Step [200/500] Loss: 1.6409
[2020-09-29 18:26:13,322] INFO - Epoch [1/80], Step [300/500] Loss: 1.6071
[2020-09-29 18:26:24,442] INFO - Epoch [1/80], Step [400/500] Loss: 1.4674
[2020-09-29 18:26:35,563] INFO - Epoch [1/80], Step [500/500] Loss: 1.3767
[2020-09-29 18:26:46,646] INFO - Epoch [2/80], Step [100/500] Loss: 1.4676
[2020-09-29 18:26:58,680] INFO - Epoch [2/80], Step [200/500] Loss: 1.2924
[2020-09-29 18:27:09,753] INFO - Epoch [2/80], Step [300/500] Loss: 1.1695
[2020-09-29 18:27:20,844] INFO - Epoch [2/80], Step [400/500] Loss: 1.4939
[2020-09-29 18:27:31,932] INFO - Epoch [2/80], Step [500/500] Loss: 1.4307
[2020-09-29 18:27:43,076] INFO - Epoch [3/80], Step [100/500] Loss: 1.5184
[2020-09-29 18:27:54,225] INFO - Epoch [3/80], Step [200/500] Loss: 1.2629
[2020-09-29 18:28:05,351] INFO - Epoch [3/80], Step [300/500] Loss: 1.2728
[2020-09-29 18:28:16,426] INFO - Epoch [3/80], Step [400/500] Loss: 1.3658
[2020-09-29 18:28:27,554] INFO - Epoch [3/80], Step [500/500] Loss: 1.0284
[2020-09-29 18:28:38,646] INFO - Epoch [4/80], Step [100/500] Loss: 1.1431
[2020-09-29 18:28:50,699] INFO - Epoch [4/80], Step [200/500] Loss: 1.1553
[2020-09-29 18:29:01,785] INFO - Epoch [4/80], Step [300/500] Loss: 0.9286
[2020-09-29 18:29:12,923] INFO - Epoch [4/80], Step [400/500] Loss: 1.0676
[2020-09-29 18:29:24,011] INFO - Epoch [4/80], Step [500/500] Loss: 0.9907
[2020-09-29 18:29:35,133] INFO - Epoch [5/80], Step [100/500] Loss: 1.1266
[2020-09-29 18:29:46,214] INFO - Epoch [5/80], Step [200/500] Loss: 0.8359
[2020-09-29 18:29:57,386] INFO - Epoch [5/80], Step [300/500] Loss: 0.9719
[2020-09-29 18:30:08,592] INFO - Epoch [5/80], Step [400/500] Loss: 0.8951
[2020-09-29 18:30:19,727] INFO - Epoch [5/80], Step [500/500] Loss: 0.9736
[2020-09-29 18:30:30,882] INFO - Epoch [6/80], Step [100/500] Loss: 1.0001
[2020-09-29 18:30:42,029] INFO - Epoch [6/80], Step [200/500] Loss: 1.0935
[2020-09-29 18:30:53,239] INFO - Epoch [6/80], Step [300/500] Loss: 0.9957
[2020-09-29 18:31:04,335] INFO - Epoch [6/80], Step [400/500] Loss: 0.8560
[2020-09-29 18:31:15,437] INFO - Epoch [6/80], Step [500/500] Loss: 0.9935
[2020-09-29 18:31:30,352] INFO - Epoch [7/80], Step [100/500] Loss: 1.0099
[2020-09-29 18:33:47,811] INFO - Epoch [7/80], Step [200/500] Loss: 0.9733
[2020-09-29 18:35:11,036] INFO - Epoch [7/80], Step [300/500] Loss: 1.0341
[2020-09-29 18:35:22,158] INFO - Epoch [7/80], Step [400/500] Loss: 1.3440
[2020-09-29 18:35:34,219] INFO - Epoch [7/80], Step [500/500] Loss: 0.8401
[2020-09-29 18:37:27,251] INFO - Epoch [8/80], Step [100/500] Loss: 0.7056
[2020-09-29 18:39:55,813] INFO - Epoch [8/80], Step [200/500] Loss: 0.8574
[2020-09-29 18:40:16,253] INFO - Epoch [8/80], Step [300/500] Loss: 0.8272
[2020-09-29 18:40:27,349] INFO - Epoch [8/80], Step [400/500] Loss: 0.7018
[2020-09-29 18:41:03,827] INFO - Epoch [8/80], Step [500/500] Loss: 0.8485
[2020-09-29 18:43:29,402] INFO - Epoch [9/80], Step [100/500] Loss: 0.8031
[2020-09-29 18:45:08,868] INFO - Epoch [9/80], Step [200/500] Loss: 0.9175
[2020-09-29 18:45:20,082] INFO - Epoch [9/80], Step [300/500] Loss: 0.9785
[2020-09-29 18:45:31,260] INFO - Epoch [9/80], Step [400/500] Loss: 0.7825
[2020-09-29 18:46:49,154] INFO - Epoch [9/80], Step [500/500] Loss: 0.8534
[2020-09-29 18:48:59,624] INFO - Epoch [10/80], Step [100/500] Loss: 0.9164
[2020-09-29 18:50:11,810] INFO - Epoch [10/80], Step [200/500] Loss: 0.6722
[2020-09-29 18:50:22,885] INFO - Epoch [10/80], Step [300/500] Loss: 0.7298
[2020-09-29 18:50:35,074] INFO - Epoch [10/80], Step [400/500] Loss: 0.8208
[2020-09-29 18:52:26,386] INFO - Epoch [10/80], Step [500/500] Loss: 0.8410
[2020-09-29 18:54:48,828] INFO - Epoch [11/80], Step [100/500] Loss: 0.7672
[2020-09-29 18:55:15,594] INFO - Epoch [11/80], Step [200/500] Loss: 0.8123
[2020-09-29 18:55:26,637] INFO - Epoch [11/80], Step [300/500] Loss: 0.8253
[2020-09-29 18:55:50,296] INFO - Epoch [11/80], Step [400/500] Loss: 0.8253
[2020-09-29 18:58:04,412] INFO - Epoch [11/80], Step [500/500] Loss: 0.8134
[2020-09-29 19:00:07,090] INFO - Epoch [12/80], Step [100/500] Loss: 0.5047
[2020-09-29 19:00:18,123] INFO - Epoch [12/80], Step [200/500] Loss: 0.8525
[2020-09-29 19:00:29,289] INFO - Epoch [12/80], Step [300/500] Loss: 0.7349
[2020-09-29 19:01:25,554] INFO - Epoch [12/80], Step [400/500] Loss: 0.6806
[2020-09-29 19:03:46,059] INFO - Epoch [12/80], Step [500/500] Loss: 0.9746
[2020-09-29 19:05:10,260] INFO - Epoch [13/80], Step [100/500] Loss: 0.9385
[2020-09-29 19:05:21,375] INFO - Epoch [13/80], Step [200/500] Loss: 0.6916
[2020-09-29 19:05:33,043] INFO - Epoch [13/80], Step [300/500] Loss: 0.7554
[2020-09-29 19:07:04,626] INFO - Epoch [13/80], Step [400/500] Loss: 0.8017
[2020-09-29 19:09:23,892] INFO - Epoch [13/80], Step [500/500] Loss: 0.6234
[2020-09-29 19:10:13,760] INFO - Epoch [14/80], Step [100/500] Loss: 0.6883
[2020-09-29 19:10:24,805] INFO - Epoch [14/80], Step [200/500] Loss: 0.9553
[2020-09-29 19:10:38,764] INFO - Epoch [14/80], Step [300/500] Loss: 0.6667
[2020-09-29 19:12:47,990] INFO - Epoch [14/80], Step [400/500] Loss: 0.6853
[2020-09-29 19:15:07,196] INFO - Epoch [14/80], Step [500/500] Loss: 0.6151
[2020-09-29 19:15:19,344] INFO - Epoch [15/80], Step [100/500] Loss: 1.0819
[2020-09-29 19:15:30,424] INFO - Epoch [15/80], Step [200/500] Loss: 0.5689
[2020-09-29 19:16:44,628] INFO - Epoch [15/80], Step [300/500] Loss: 0.6855
[2020-09-29 19:19:11,002] INFO - Epoch [15/80], Step [400/500] Loss: 0.5550
[2020-09-29 19:20:12,834] INFO - Epoch [15/80], Step [500/500] Loss: 0.6104
[2020-09-29 19:20:23,918] INFO - Epoch [16/80], Step [100/500] Loss: 0.7513
[2020-09-29 19:20:36,823] INFO - Epoch [16/80], Step [200/500] Loss: 0.6540
[2020-09-29 19:22:42,940] INFO - Epoch [16/80], Step [300/500] Loss: 0.5956
[2020-09-29 19:25:05,331] INFO - Epoch [16/80], Step [400/500] Loss: 0.6707
[2020-09-29 19:25:17,039] INFO - Epoch [16/80], Step [500/500] Loss: 0.4964
[2020-09-29 19:25:28,151] INFO - Epoch [17/80], Step [100/500] Loss: 0.6845
[2020-09-29 19:26:12,480] INFO - Epoch [17/80], Step [200/500] Loss: 0.8647
[2020-09-29 19:28:42,757] INFO - Epoch [17/80], Step [300/500] Loss: 0.7351
[2020-09-29 19:30:10,065] INFO - Epoch [17/80], Step [400/500] Loss: 0.6808
[2020-09-29 19:30:21,157] INFO - Epoch [17/80], Step [500/500] Loss: 0.6529
[2020-09-29 19:30:32,778] INFO - Epoch [18/80], Step [100/500] Loss: 0.7954
[2020-09-29 19:32:02,877] INFO - Epoch [18/80], Step [200/500] Loss: 0.6692
[2020-09-29 19:34:19,726] INFO - Epoch [18/80], Step [300/500] Loss: 0.6835
[2020-09-29 19:35:13,385] INFO - Epoch [18/80], Step [400/500] Loss: 0.6081
[2020-09-29 19:35:24,442] INFO - Epoch [18/80], Step [500/500] Loss: 0.7599
[2020-09-29 19:35:37,932] INFO - Epoch [19/80], Step [100/500] Loss: 0.6523
[2020-09-29 19:37:43,965] INFO - Epoch [19/80], Step [200/500] Loss: 0.7149
[2020-09-29 19:40:04,715] INFO - Epoch [19/80], Step [300/500] Loss: 0.5727
[2020-09-29 19:40:16,962] INFO - Epoch [19/80], Step [400/500] Loss: 0.9116
[2020-09-29 19:40:28,039] INFO - Epoch [19/80], Step [500/500] Loss: 0.7513
[2020-09-29 19:41:08,644] INFO - Epoch [20/80], Step [100/500] Loss: 0.5630
[2020-09-29 19:43:37,159] INFO - Epoch [20/80], Step [200/500] Loss: 0.6437
[2020-09-29 19:45:09,625] INFO - Epoch [20/80], Step [300/500] Loss: 0.6057
[2020-09-29 19:45:20,795] INFO - Epoch [20/80], Step [400/500] Loss: 0.5161
[2020-09-29 19:45:32,236] INFO - Epoch [20/80], Step [500/500] Loss: 0.6220
[2020-09-29 19:47:02,721] INFO - Epoch [21/80], Step [100/500] Loss: 0.6392
[2020-09-29 19:49:15,384] INFO - Epoch [21/80], Step [200/500] Loss: 0.6354
[2020-09-29 19:50:13,716] INFO - Epoch [21/80], Step [300/500] Loss: 0.5428
[2020-09-29 19:50:24,829] INFO - Epoch [21/80], Step [400/500] Loss: 0.4614
[2020-09-29 19:50:38,626] INFO - Epoch [21/80], Step [500/500] Loss: 0.6033
[2020-09-29 19:52:35,902] INFO - Epoch [22/80], Step [100/500] Loss: 0.6234
[2020-09-29 19:55:06,230] INFO - Epoch [22/80], Step [200/500] Loss: 0.6221
[2020-09-29 19:55:17,391] INFO - Epoch [22/80], Step [300/500] Loss: 0.4910
[2020-09-29 19:55:28,389] INFO - Epoch [22/80], Step [400/500] Loss: 0.6569
[2020-09-29 19:56:18,929] INFO - Epoch [22/80], Step [500/500] Loss: 0.6541
[2020-09-29 19:59:14,437] INFO - Epoch [23/80], Step [100/500] Loss: 0.4805
[2020-09-29 20:00:13,161] INFO - Epoch [23/80], Step [200/500] Loss: 0.5612
[2020-09-29 20:00:24,199] INFO - Epoch [23/80], Step [300/500] Loss: 0.6066
[2020-09-29 20:00:37,058] INFO - Epoch [23/80], Step [400/500] Loss: 0.4942
[2020-09-29 20:02:31,810] INFO - Epoch [23/80], Step [500/500] Loss: 0.4987
[2020-09-29 20:04:41,253] INFO - Epoch [24/80], Step [100/500] Loss: 0.4537
[2020-09-29 20:05:15,165] INFO - Epoch [24/80], Step [200/500] Loss: 0.6603
[2020-09-29 20:05:26,235] INFO - Epoch [24/80], Step [300/500] Loss: 0.6583
[2020-09-29 20:05:46,669] INFO - Epoch [24/80], Step [400/500] Loss: 0.4917
[2020-09-29 20:08:04,310] INFO - Epoch [24/80], Step [500/500] Loss: 0.6161
[2020-09-29 20:10:07,975] INFO - Epoch [25/80], Step [100/500] Loss: 0.5308
[2020-09-29 20:10:19,065] INFO - Epoch [25/80], Step [200/500] Loss: 0.4722
[2020-09-29 20:10:30,147] INFO - Epoch [25/80], Step [300/500] Loss: 0.5532
[2020-09-29 20:11:35,250] INFO - Epoch [25/80], Step [400/500] Loss: 0.5046
[2020-09-29 20:14:09,039] INFO - Epoch [25/80], Step [500/500] Loss: 0.3726
[2020-09-29 20:15:13,021] INFO - Epoch [26/80], Step [100/500] Loss: 0.6722
[2020-09-29 20:15:24,057] INFO - Epoch [26/80], Step [200/500] Loss: 0.4869
[2020-09-29 20:15:36,975] INFO - Epoch [26/80], Step [300/500] Loss: 0.4696
[2020-09-29 20:17:46,836] INFO - Epoch [26/80], Step [400/500] Loss: 0.5416
[2020-09-29 20:20:06,842] INFO - Epoch [26/80], Step [500/500] Loss: 0.5962
[2020-09-29 20:20:17,979] INFO - Epoch [27/80], Step [100/500] Loss: 0.5367
[2020-09-29 20:20:29,082] INFO - Epoch [27/80], Step [200/500] Loss: 0.5179
[2020-09-29 20:21:21,787] INFO - Epoch [27/80], Step [300/500] Loss: 0.5831
[2020-09-29 20:23:40,321] INFO - Epoch [27/80], Step [400/500] Loss: 0.4452
[2020-09-29 20:25:10,482] INFO - Epoch [27/80], Step [500/500] Loss: 0.4669
[2020-09-29 20:25:21,631] INFO - Epoch [28/80], Step [100/500] Loss: 0.4687
[2020-09-29 20:25:33,426] INFO - Epoch [28/80], Step [200/500] Loss: 0.5299
[2020-09-29 20:27:08,534] INFO - Epoch [28/80], Step [300/500] Loss: 0.6165
[2020-09-29 20:29:27,286] INFO - Epoch [28/80], Step [400/500] Loss: 0.4432
[2020-09-29 20:30:13,825] INFO - Epoch [28/80], Step [500/500] Loss: 0.5428
[2020-09-29 20:30:24,898] INFO - Epoch [29/80], Step [100/500] Loss: 0.6436
[2020-09-29 20:30:38,719] INFO - Epoch [29/80], Step [200/500] Loss: 0.5963
[2020-09-29 20:32:51,259] INFO - Epoch [29/80], Step [300/500] Loss: 0.6267
[2020-09-29 20:35:06,231] INFO - Epoch [29/80], Step [400/500] Loss: 0.6348
[2020-09-29 20:35:17,340] INFO - Epoch [29/80], Step [500/500] Loss: 0.7634
[2020-09-29 20:35:28,459] INFO - Epoch [30/80], Step [100/500] Loss: 0.5286
[2020-09-29 20:36:11,628] INFO - Epoch [30/80], Step [200/500] Loss: 0.7285
[2020-09-29 20:38:32,529] INFO - Epoch [30/80], Step [300/500] Loss: 0.5664
[2020-09-29 20:40:10,260] INFO - Epoch [30/80], Step [400/500] Loss: 0.6769
[2020-09-29 20:40:21,378] INFO - Epoch [30/80], Step [500/500] Loss: 0.6086
[2020-09-29 20:40:32,925] INFO - Epoch [31/80], Step [100/500] Loss: 0.4063
[2020-09-29 20:42:06,457] INFO - Epoch [31/80], Step [200/500] Loss: 0.5241
[2020-09-29 20:44:21,459] INFO - Epoch [31/80], Step [300/500] Loss: 0.5176
[2020-09-29 20:45:13,720] INFO - Epoch [31/80], Step [400/500] Loss: 0.5859
[2020-09-29 20:45:24,772] INFO - Epoch [31/80], Step [500/500] Loss: 0.4488
[2020-09-29 20:45:38,541] INFO - Epoch [32/80], Step [100/500] Loss: 0.6351
[2020-09-29 20:47:54,820] INFO - Epoch [32/80], Step [200/500] Loss: 0.4371
[2020-09-29 20:50:07,508] INFO - Epoch [32/80], Step [300/500] Loss: 0.6121
[2020-09-29 20:50:18,581] INFO - Epoch [32/80], Step [400/500] Loss: 0.5641
[2020-09-29 20:50:29,691] INFO - Epoch [32/80], Step [500/500] Loss: 0.6600
[2020-09-29 20:51:27,732] INFO - Epoch [33/80], Step [100/500] Loss: 0.7572
[2020-09-29 20:53:46,542] INFO - Epoch [33/80], Step [200/500] Loss: 0.5659
[2020-09-29 20:55:11,040] INFO - Epoch [33/80], Step [300/500] Loss: 0.5311
[2020-09-29 20:55:22,104] INFO - Epoch [33/80], Step [400/500] Loss: 0.4576
[2020-09-29 20:55:33,871] INFO - Epoch [33/80], Step [500/500] Loss: 0.4903
[2020-09-29 20:57:14,210] INFO - Epoch [34/80], Step [100/500] Loss: 0.5723
[2020-09-29 20:59:49,929] INFO - Epoch [34/80], Step [200/500] Loss: 0.5778
[2020-09-29 21:00:16,192] INFO - Epoch [34/80], Step [300/500] Loss: 0.4513
[2020-09-29 21:00:27,293] INFO - Epoch [34/80], Step [400/500] Loss: 0.5916
[2020-09-29 21:00:58,226] INFO - Epoch [34/80], Step [500/500] Loss: 0.4276
[2020-09-29 21:03:16,064] INFO - Epoch [35/80], Step [100/500] Loss: 0.3473
[2020-09-29 21:05:08,069] INFO - Epoch [35/80], Step [200/500] Loss: 0.5398
[2020-09-29 21:05:19,149] INFO - Epoch [35/80], Step [300/500] Loss: 0.3772
[2020-09-29 21:05:30,229] INFO - Epoch [35/80], Step [400/500] Loss: 0.5683
[2020-09-29 21:06:32,412] INFO - Epoch [35/80], Step [500/500] Loss: 0.5341
[2020-09-29 21:08:48,944] INFO - Epoch [36/80], Step [100/500] Loss: 0.5852
[2020-09-29 21:10:11,972] INFO - Epoch [36/80], Step [200/500] Loss: 0.4887
[2020-09-29 21:10:23,089] INFO - Epoch [36/80], Step [300/500] Loss: 0.3558
[2020-09-29 21:10:35,427] INFO - Epoch [36/80], Step [400/500] Loss: 0.5145
[2020-09-29 21:12:34,120] INFO - Epoch [36/80], Step [500/500] Loss: 0.4295
[2020-09-29 21:14:55,105] INFO - Epoch [37/80], Step [100/500] Loss: 0.6787
[2020-09-29 21:15:16,591] INFO - Epoch [37/80], Step [200/500] Loss: 0.6109
[2020-09-29 21:15:27,731] INFO - Epoch [37/80], Step [300/500] Loss: 0.4826
[2020-09-29 21:16:12,266] INFO - Epoch [37/80], Step [400/500] Loss: 0.5152
[2020-09-29 21:18:35,012] INFO - Epoch [37/80], Step [500/500] Loss: 0.4873
[2020-09-29 21:20:09,330] INFO - Epoch [38/80], Step [100/500] Loss: 0.4780
[2020-09-29 21:20:20,367] INFO - Epoch [38/80], Step [200/500] Loss: 0.4869
[2020-09-29 21:20:31,457] INFO - Epoch [38/80], Step [300/500] Loss: 0.5499
[2020-09-29 21:21:45,168] INFO - Epoch [38/80], Step [400/500] Loss: 0.4304
[2020-09-29 21:23:53,853] INFO - Epoch [38/80], Step [500/500] Loss: 0.3927
[2020-09-29 21:25:11,327] INFO - Epoch [39/80], Step [100/500] Loss: 0.6134
[2020-09-29 21:25:22,393] INFO - Epoch [39/80], Step [200/500] Loss: 0.5778
[2020-09-29 21:25:34,256] INFO - Epoch [39/80], Step [300/500] Loss: 0.4348
[2020-09-29 21:27:08,999] INFO - Epoch [39/80], Step [400/500] Loss: 0.5549
[2020-09-29 21:29:31,620] INFO - Epoch [39/80], Step [500/500] Loss: 0.5481
[2020-09-29 21:30:14,678] INFO - Epoch [40/80], Step [100/500] Loss: 0.4359
[2020-09-29 21:30:26,727] INFO - Epoch [40/80], Step [200/500] Loss: 0.5119
[2020-09-29 21:30:48,534] INFO - Epoch [40/80], Step [300/500] Loss: 0.5970
[2020-09-29 21:33:15,213] INFO - Epoch [40/80], Step [400/500] Loss: 0.4165
[2020-09-29 21:35:09,557] INFO - Epoch [40/80], Step [500/500] Loss: 0.3893
[2020-09-29 21:35:20,753] INFO - Epoch [41/80], Step [100/500] Loss: 0.6462
[2020-09-29 21:35:32,092] INFO - Epoch [41/80], Step [200/500] Loss: 0.3215
[2020-09-29 21:37:02,716] INFO - Epoch [41/80], Step [300/500] Loss: 0.5362
[2020-09-29 21:39:37,609] INFO - Epoch [41/80], Step [400/500] Loss: 0.4566
[2020-09-29 21:40:14,916] INFO - Epoch [41/80], Step [500/500] Loss: 0.5712
[2020-09-29 21:40:26,148] INFO - Epoch [42/80], Step [100/500] Loss: 0.4284
[2020-09-29 21:40:43,759] INFO - Epoch [42/80], Step [200/500] Loss: 0.4175
[2020-09-29 21:43:03,470] INFO - Epoch [42/80], Step [300/500] Loss: 0.4831
[2020-09-29 21:45:06,746] INFO - Epoch [42/80], Step [400/500] Loss: 0.2445
[2020-09-29 21:45:17,920] INFO - Epoch [42/80], Step [500/500] Loss: 0.4731
[2020-09-29 21:45:29,139] INFO - Epoch [43/80], Step [100/500] Loss: 0.6015
[2020-09-29 21:46:19,116] INFO - Epoch [43/80], Step [200/500] Loss: 0.2659
[2020-09-29 21:48:40,131] INFO - Epoch [43/80], Step [300/500] Loss: 0.4653
[2020-09-29 21:50:11,045] INFO - Epoch [43/80], Step [400/500] Loss: 0.3497
[2020-09-29 21:50:22,180] INFO - Epoch [43/80], Step [500/500] Loss: 0.4217
[2020-09-29 21:50:33,927] INFO - Epoch [44/80], Step [100/500] Loss: 0.4101
[2020-09-29 21:52:16,020] INFO - Epoch [44/80], Step [200/500] Loss: 0.5163
[2020-09-29 21:54:32,857] INFO - Epoch [44/80], Step [300/500] Loss: 0.5647
[2020-09-29 21:55:14,497] INFO - Epoch [44/80], Step [400/500] Loss: 0.5153
[2020-09-29 21:55:25,640] INFO - Epoch [44/80], Step [500/500] Loss: 0.5462
[2020-09-29 21:55:40,394] INFO - Epoch [45/80], Step [100/500] Loss: 0.6064
[2020-09-29 21:57:58,474] INFO - Epoch [45/80], Step [200/500] Loss: 0.3662
[2020-09-29 22:00:07,666] INFO - Epoch [45/80], Step [300/500] Loss: 0.4189
[2020-09-29 22:00:18,719] INFO - Epoch [45/80], Step [400/500] Loss: 0.4664
[2020-09-29 22:00:29,887] INFO - Epoch [45/80], Step [500/500] Loss: 0.4503
[2020-09-29 22:01:50,613] INFO - Epoch [46/80], Step [100/500] Loss: 0.3818
[2020-09-29 22:04:03,376] INFO - Epoch [46/80], Step [200/500] Loss: 0.5494
[2020-09-29 22:05:12,444] INFO - Epoch [46/80], Step [300/500] Loss: 0.3794
[2020-09-29 22:05:23,604] INFO - Epoch [46/80], Step [400/500] Loss: 0.4883
[2020-09-29 22:05:36,177] INFO - Epoch [46/80], Step [500/500] Loss: 0.5708
[2020-09-29 22:07:42,227] INFO - Epoch [47/80], Step [100/500] Loss: 0.5726
[2020-09-29 22:10:05,749] INFO - Epoch [47/80], Step [200/500] Loss: 0.6421
[2020-09-29 22:10:17,476] INFO - Epoch [47/80], Step [300/500] Loss: 0.4678
[2020-09-29 22:10:28,515] INFO - Epoch [47/80], Step [400/500] Loss: 0.3924
[2020-09-29 22:11:11,896] INFO - Epoch [47/80], Step [500/500] Loss: 0.4152
[2020-09-29 22:13:32,169] INFO - Epoch [48/80], Step [100/500] Loss: 0.5306
[2020-09-29 22:15:10,596] INFO - Epoch [48/80], Step [200/500] Loss: 0.3954
[2020-09-29 22:15:21,817] INFO - Epoch [48/80], Step [300/500] Loss: 0.4722
[2020-09-29 22:15:33,499] INFO - Epoch [48/80], Step [400/500] Loss: 0.4855
[2020-09-29 22:17:09,362] INFO - Epoch [48/80], Step [500/500] Loss: 0.3693
[2020-09-29 22:19:33,305] INFO - Epoch [49/80], Step [100/500] Loss: 0.4858
[2020-09-29 22:20:14,860] INFO - Epoch [49/80], Step [200/500] Loss: 0.4931
[2020-09-29 22:20:25,983] INFO - Epoch [49/80], Step [300/500] Loss: 0.4834
[2020-09-29 22:20:40,745] INFO - Epoch [49/80], Step [400/500] Loss: 0.8000
[2020-09-29 22:23:05,429] INFO - Epoch [49/80], Step [500/500] Loss: 0.4829
[2020-09-29 22:25:07,379] INFO - Epoch [50/80], Step [100/500] Loss: 0.4266
[2020-09-29 22:25:18,408] INFO - Epoch [50/80], Step [200/500] Loss: 0.3268
[2020-09-29 22:25:29,539] INFO - Epoch [50/80], Step [300/500] Loss: 0.2994
[2020-09-29 22:26:22,166] INFO - Epoch [50/80], Step [400/500] Loss: 0.4757
[2020-09-29 22:28:42,055] INFO - Epoch [50/80], Step [500/500] Loss: 0.3960
[2020-09-29 22:30:11,068] INFO - Epoch [51/80], Step [100/500] Loss: 0.4820
[2020-09-29 22:30:22,180] INFO - Epoch [51/80], Step [200/500] Loss: 0.4283
[2020-09-29 22:30:33,958] INFO - Epoch [51/80], Step [300/500] Loss: 0.5467
[2020-09-29 22:32:06,921] INFO - Epoch [51/80], Step [400/500] Loss: 0.5201
[2020-09-29 22:34:30,971] INFO - Epoch [51/80], Step [500/500] Loss: 0.3271
[2020-09-29 22:35:14,695] INFO - Epoch [52/80], Step [100/500] Loss: 0.3897
[2020-09-29 22:35:25,789] INFO - Epoch [52/80], Step [200/500] Loss: 0.4889
[2020-09-29 22:35:40,938] INFO - Epoch [52/80], Step [300/500] Loss: 0.4714
[2020-09-29 22:38:08,380] INFO - Epoch [52/80], Step [400/500] Loss: 0.3217
[2020-09-29 22:40:07,778] INFO - Epoch [52/80], Step [500/500] Loss: 0.4035
[2020-09-29 22:40:18,860] INFO - Epoch [53/80], Step [100/500] Loss: 0.5043
[2020-09-29 22:40:29,969] INFO - Epoch [53/80], Step [200/500] Loss: 0.3116
[2020-09-29 22:41:29,313] INFO - Epoch [53/80], Step [300/500] Loss: 0.4630
[2020-09-29 22:43:43,220] INFO - Epoch [53/80], Step [400/500] Loss: 0.3332
[2020-09-29 22:45:10,834] INFO - Epoch [53/80], Step [500/500] Loss: 0.4361
[2020-09-29 22:45:21,933] INFO - Epoch [54/80], Step [100/500] Loss: 0.4100
[2020-09-29 22:45:33,735] INFO - Epoch [54/80], Step [200/500] Loss: 0.5731
[2020-09-29 22:47:09,631] INFO - Epoch [54/80], Step [300/500] Loss: 0.4810
[2020-09-29 22:49:38,779] INFO - Epoch [54/80], Step [400/500] Loss: 0.5961
[2020-09-29 22:50:15,982] INFO - Epoch [54/80], Step [500/500] Loss: 0.4703
[2020-09-29 22:50:27,119] INFO - Epoch [55/80], Step [100/500] Loss: 0.4841
[2020-09-29 22:50:53,022] INFO - Epoch [55/80], Step [200/500] Loss: 0.5014
[2020-09-29 22:53:27,122] INFO - Epoch [55/80], Step [300/500] Loss: 0.3003
[2020-09-29 22:55:10,114] INFO - Epoch [55/80], Step [400/500] Loss: 0.3714
[2020-09-29 22:55:21,255] INFO - Epoch [55/80], Step [500/500] Loss: 0.5049
[2020-09-29 22:55:32,797] INFO - Epoch [56/80], Step [100/500] Loss: 0.4650
[2020-09-29 22:56:57,088] INFO - Epoch [56/80], Step [200/500] Loss: 0.4492
[2020-09-29 22:59:35,364] INFO - Epoch [56/80], Step [300/500] Loss: 0.5868
[2020-09-29 23:00:14,911] INFO - Epoch [56/80], Step [400/500] Loss: 0.6181
[2020-09-29 23:00:25,991] INFO - Epoch [56/80], Step [500/500] Loss: 0.4688
[2020-09-29 23:00:40,891] INFO - Epoch [57/80], Step [100/500] Loss: 0.4227
[2020-09-29 23:03:02,976] INFO - Epoch [57/80], Step [200/500] Loss: 0.4445
[2020-09-29 23:05:07,820] INFO - Epoch [57/80], Step [300/500] Loss: 0.3980
[2020-09-29 23:05:18,976] INFO - Epoch [57/80], Step [400/500] Loss: 0.6292
[2020-09-29 23:05:30,151] INFO - Epoch [57/80], Step [500/500] Loss: 0.5755
[2020-09-29 23:06:31,960] INFO - Epoch [58/80], Step [100/500] Loss: 0.4798
[2020-09-29 23:08:56,005] INFO - Epoch [58/80], Step [200/500] Loss: 0.4327
[2020-09-29 23:10:12,115] INFO - Epoch [58/80], Step [300/500] Loss: 0.3820
[2020-09-29 23:10:23,224] INFO - Epoch [58/80], Step [400/500] Loss: 0.3820
[2020-09-29 23:10:35,584] INFO - Epoch [58/80], Step [500/500] Loss: 0.5816
[2020-09-29 23:12:26,447] INFO - Epoch [59/80], Step [100/500] Loss: 0.4844
[2020-09-29 23:15:01,033] INFO - Epoch [59/80], Step [200/500] Loss: 0.4211
[2020-09-29 23:15:17,291] INFO - Epoch [59/80], Step [300/500] Loss: 0.4728
[2020-09-29 23:15:28,429] INFO - Epoch [59/80], Step [400/500] Loss: 0.4010
[2020-09-29 23:16:05,046] INFO - Epoch [59/80], Step [500/500] Loss: 0.4857
[2020-09-29 23:18:22,514] INFO - Epoch [60/80], Step [100/500] Loss: 0.4521
[2020-09-29 23:20:09,388] INFO - Epoch [60/80], Step [200/500] Loss: 0.4527
[2020-09-29 23:20:20,532] INFO - Epoch [60/80], Step [300/500] Loss: 0.4437
[2020-09-29 23:20:31,579] INFO - Epoch [60/80], Step [400/500] Loss: 0.4685
[2020-09-29 23:21:41,347] INFO - Epoch [60/80], Step [500/500] Loss: 0.4948
[2020-09-29 23:24:04,632] INFO - Epoch [61/80], Step [100/500] Loss: 0.4670
[2020-09-29 23:25:13,431] INFO - Epoch [61/80], Step [200/500] Loss: 0.2967
[2020-09-29 23:25:24,491] INFO - Epoch [61/80], Step [300/500] Loss: 0.4050
[2020-09-29 23:25:37,360] INFO - Epoch [61/80], Step [400/500] Loss: 0.5927
[2020-09-29 23:27:39,485] INFO - Epoch [61/80], Step [500/500] Loss: 0.4576
[2020-09-29 23:30:02,231] INFO - Epoch [62/80], Step [100/500] Loss: 0.5471
[2020-09-29 23:30:17,355] INFO - Epoch [62/80], Step [200/500] Loss: 0.4152
[2020-09-29 23:30:28,450] INFO - Epoch [62/80], Step [300/500] Loss: 0.3009
[2020-09-29 23:31:04,350] INFO - Epoch [62/80], Step [400/500] Loss: 0.3715
[2020-09-29 23:33:16,219] INFO - Epoch [62/80], Step [500/500] Loss: 0.5511
[2020-09-29 23:35:09,286] INFO - Epoch [63/80], Step [100/500] Loss: 0.5315
[2020-09-29 23:35:20,365] INFO - Epoch [63/80], Step [200/500] Loss: 0.6384
[2020-09-29 23:35:31,490] INFO - Epoch [63/80], Step [300/500] Loss: 0.3148
[2020-09-29 23:36:42,945] INFO - Epoch [63/80], Step [400/500] Loss: 0.5515
[2020-09-29 23:39:03,757] INFO - Epoch [63/80], Step [500/500] Loss: 0.3416
[2020-09-29 23:40:12,329] INFO - Epoch [64/80], Step [100/500] Loss: 0.4784
[2020-09-29 23:40:23,375] INFO - Epoch [64/80], Step [200/500] Loss: 0.4172
[2020-09-29 23:40:35,584] INFO - Epoch [64/80], Step [300/500] Loss: 0.5330
[2020-09-29 23:42:18,835] INFO - Epoch [64/80], Step [400/500] Loss: 0.4796
[2020-09-29 23:44:43,008] INFO - Epoch [64/80], Step [500/500] Loss: 0.3804
[2020-09-29 23:45:15,947] INFO - Epoch [65/80], Step [100/500] Loss: 0.5870
[2020-09-29 23:45:27,022] INFO - Epoch [65/80], Step [200/500] Loss: 0.4471
[2020-09-29 23:45:47,377] INFO - Epoch [65/80], Step [300/500] Loss: 0.4690
[2020-09-29 23:48:03,751] INFO - Epoch [65/80], Step [400/500] Loss: 0.4542
[2020-09-29 23:50:08,924] INFO - Epoch [65/80], Step [500/500] Loss: 0.3091
[2020-09-29 23:50:20,011] INFO - Epoch [66/80], Step [100/500] Loss: 0.3446
[2020-09-29 23:50:31,146] INFO - Epoch [66/80], Step [200/500] Loss: 0.3994
[2020-09-29 23:51:45,007] INFO - Epoch [66/80], Step [300/500] Loss: 0.4478
[2020-09-29 23:54:21,942] INFO - Epoch [66/80], Step [400/500] Loss: 0.3169
[2020-09-29 23:55:14,194] INFO - Epoch [66/80], Step [500/500] Loss: 0.3323
[2020-09-29 23:55:25,294] INFO - Epoch [67/80], Step [100/500] Loss: 0.3948
[2020-09-29 23:55:39,088] INFO - Epoch [67/80], Step [200/500] Loss: 0.4336
[2020-09-29 23:57:47,191] INFO - Epoch [67/80], Step [300/500] Loss: 0.3157
[2020-09-30 00:00:06,743] INFO - Epoch [67/80], Step [400/500] Loss: 0.4289
[2020-09-30 00:00:17,938] INFO - Epoch [67/80], Step [500/500] Loss: 0.3438
[2020-09-30 00:00:29,560] INFO - Epoch [68/80], Step [100/500] Loss: 0.6314
[2020-09-30 00:01:50,401] INFO - Epoch [68/80], Step [200/500] Loss: 0.4254
[2020-09-30 00:04:17,217] INFO - Epoch [68/80], Step [300/500] Loss: 0.5083
[2020-09-30 00:05:13,738] INFO - Epoch [68/80], Step [400/500] Loss: 0.4151
[2020-09-30 00:05:25,001] INFO - Epoch [68/80], Step [500/500] Loss: 0.4126
[2020-09-30 00:05:38,757] INFO - Epoch [69/80], Step [100/500] Loss: 0.4206
[2020-09-30 00:07:46,963] INFO - Epoch [69/80], Step [200/500] Loss: 0.3936
[2020-09-30 00:10:06,537] INFO - Epoch [69/80], Step [300/500] Loss: 0.3358
[2020-09-30 00:10:17,708] INFO - Epoch [69/80], Step [400/500] Loss: 0.3832
[2020-09-30 00:10:28,842] INFO - Epoch [69/80], Step [500/500] Loss: 0.3978
[2020-09-30 00:11:12,392] INFO - Epoch [70/80], Step [100/500] Loss: 0.4362
[2020-09-30 00:13:28,188] INFO - Epoch [70/80], Step [200/500] Loss: 0.4750
[2020-09-30 00:15:10,337] INFO - Epoch [70/80], Step [300/500] Loss: 0.4598
[2020-09-30 00:15:21,417] INFO - Epoch [70/80], Step [400/500] Loss: 0.4168
[2020-09-30 00:15:32,773] INFO - Epoch [70/80], Step [500/500] Loss: 0.4851
[2020-09-30 00:16:52,728] INFO - Epoch [71/80], Step [100/500] Loss: 0.4863
[2020-09-30 00:19:13,807] INFO - Epoch [71/80], Step [200/500] Loss: 0.3275
[2020-09-30 00:20:13,827] INFO - Epoch [71/80], Step [300/500] Loss: 0.6263
[2020-09-30 00:20:25,057] INFO - Epoch [71/80], Step [400/500] Loss: 0.5470
[2020-09-30 00:20:38,528] INFO - Epoch [71/80], Step [500/500] Loss: 0.4176
[2020-09-30 00:22:49,204] INFO - Epoch [72/80], Step [100/500] Loss: 0.6509
[2020-09-30 00:25:06,197] INFO - Epoch [72/80], Step [200/500] Loss: 0.3629
[2020-09-30 00:25:17,757] INFO - Epoch [72/80], Step [300/500] Loss: 0.5109
[2020-09-30 00:25:28,854] INFO - Epoch [72/80], Step [400/500] Loss: 0.4045
[2020-09-30 00:26:08,600] INFO - Epoch [72/80], Step [500/500] Loss: 0.3694
[2020-09-30 00:28:23,701] INFO - Epoch [73/80], Step [100/500] Loss: 0.3580
[2020-09-30 00:30:09,774] INFO - Epoch [73/80], Step [200/500] Loss: 0.4622
[2020-09-30 00:30:20,986] INFO - Epoch [73/80], Step [300/500] Loss: 0.3171
[2020-09-30 00:30:32,244] INFO - Epoch [73/80], Step [400/500] Loss: 0.2981
[2020-09-30 00:31:57,884] INFO - Epoch [73/80], Step [500/500] Loss: 0.4418
[2020-09-30 00:34:21,111] INFO - Epoch [74/80], Step [100/500] Loss: 0.3807
[2020-09-30 00:35:13,926] INFO - Epoch [74/80], Step [200/500] Loss: 0.4795
[2020-09-30 00:35:25,045] INFO - Epoch [74/80], Step [300/500] Loss: 0.4037
[2020-09-30 00:35:38,436] INFO - Epoch [74/80], Step [400/500] Loss: 0.4311
[2020-09-30 00:37:37,888] INFO - Epoch [74/80], Step [500/500] Loss: 0.4404
[2020-09-30 00:40:03,542] INFO - Epoch [75/80], Step [100/500] Loss: 0.3133
[2020-09-30 00:40:17,547] INFO - Epoch [75/80], Step [200/500] Loss: 0.4690
[2020-09-30 00:40:28,641] INFO - Epoch [75/80], Step [300/500] Loss: 0.4292
[2020-09-30 00:41:09,368] INFO - Epoch [75/80], Step [400/500] Loss: 0.5226
[2020-09-30 00:43:24,712] INFO - Epoch [75/80], Step [500/500] Loss: 0.4133
[2020-09-30 00:45:09,266] INFO - Epoch [76/80], Step [100/500] Loss: 0.4236
[2020-09-30 00:45:20,412] INFO - Epoch [76/80], Step [200/500] Loss: 0.4884
[2020-09-30 00:45:31,409] INFO - Epoch [76/80], Step [300/500] Loss: 0.3666
[2020-09-30 00:46:46,467] INFO - Epoch [76/80], Step [400/500] Loss: 0.5482
[2020-09-30 00:49:03,269] INFO - Epoch [76/80], Step [500/500] Loss: 0.3732
[2020-09-30 00:50:13,676] INFO - Epoch [77/80], Step [100/500] Loss: 0.3924
[2020-09-30 00:50:24,877] INFO - Epoch [77/80], Step [200/500] Loss: 0.3988
[2020-09-30 00:50:38,132] INFO - Epoch [77/80], Step [300/500] Loss: 0.4049
[2020-09-30 00:52:33,807] INFO - Epoch [77/80], Step [400/500] Loss: 0.6303
[2020-09-30 00:54:49,357] INFO - Epoch [77/80], Step [500/500] Loss: 0.4862
[2020-09-30 00:55:16,367] INFO - Epoch [78/80], Step [100/500] Loss: 0.3368
[2020-09-30 00:55:27,472] INFO - Epoch [78/80], Step [200/500] Loss: 0.3950
[2020-09-30 00:55:51,185] INFO - Epoch [78/80], Step [300/500] Loss: 0.5330
[2020-09-30 00:58:20,357] INFO - Epoch [78/80], Step [400/500] Loss: 0.3955
[2020-09-30 01:00:09,806] INFO - Epoch [78/80], Step [500/500] Loss: 0.4241
[2020-09-30 01:00:20,976] INFO - Epoch [79/80], Step [100/500] Loss: 0.5311
[2020-09-30 01:00:33,163] INFO - Epoch [79/80], Step [200/500] Loss: 0.3245
[2020-09-30 01:02:32,952] INFO - Epoch [79/80], Step [300/500] Loss: 0.4389
[2020-09-30 01:04:53,886] INFO - Epoch [79/80], Step [400/500] Loss: 0.4963
[2020-09-30 01:05:16,852] INFO - Epoch [79/80], Step [500/500] Loss: 0.3519
[2020-09-30 01:05:27,922] INFO - Epoch [80/80], Step [100/500] Loss: 0.2912
[2020-09-30 01:05:58,705] INFO - Epoch [80/80], Step [200/500] Loss: 0.5156
[2020-09-30 01:08:22,020] INFO - Epoch [80/80], Step [300/500] Loss: 0.3412
[2020-09-30 01:10:10,000] INFO - Epoch [80/80], Step [400/500] Loss: 0.5929
[2020-09-30 01:10:21,041] INFO - Epoch [80/80], Step [500/500] Loss: 0.4025
[2020-09-30 01:10:21,042] INFO - 'train' duration (secs):  24281.1276
[2020-09-30 01:10:24,950] INFO - Accuracy of the model on the test images: 81.84 %
[2020-09-30 01:10:24,951] INFO - 'evaluate' duration (secs):  3.9090
[2020-09-30 01:10:24,955] INFO - 'main' duration (secs):  24286.5306
