[2020-09-29 16:54:24,999] INFO - Some torch.cuda functionality unavailable
[2020-09-29 16:55:04,269] INFO - Epoch [1/80], Step [100/500] Loss: 1.6277
[2020-09-29 16:55:22,932] INFO - Epoch [1/80], Step [200/500] Loss: 1.5462
[2020-09-29 16:55:41,573] INFO - Epoch [1/80], Step [300/500] Loss: 1.4959
[2020-09-29 16:56:00,705] INFO - Epoch [1/80], Step [400/500] Loss: 1.4150
[2020-09-29 16:56:19,235] INFO - Epoch [1/80], Step [500/500] Loss: 1.2716
[2020-09-29 16:56:37,764] INFO - Epoch [2/80], Step [100/500] Loss: 1.3325
[2020-09-29 16:56:56,302] INFO - Epoch [2/80], Step [200/500] Loss: 1.2153
[2020-09-29 16:57:14,827] INFO - Epoch [2/80], Step [300/500] Loss: 1.4569
[2020-09-29 16:57:33,321] INFO - Epoch [2/80], Step [400/500] Loss: 1.2674
[2020-09-29 16:57:51,855] INFO - Epoch [2/80], Step [500/500] Loss: 1.1942
[2020-09-29 16:58:10,342] INFO - Epoch [3/80], Step [100/500] Loss: 0.9459
[2020-09-29 16:58:28,875] INFO - Epoch [3/80], Step [200/500] Loss: 1.0402
[2020-09-29 16:58:47,461] INFO - Epoch [3/80], Step [300/500] Loss: 1.1264
[2020-09-29 16:59:05,950] INFO - Epoch [3/80], Step [400/500] Loss: 0.9974
[2020-09-29 16:59:24,512] INFO - Epoch [3/80], Step [500/500] Loss: 1.1020
[2020-09-29 16:59:43,022] INFO - Epoch [4/80], Step [100/500] Loss: 1.0681
[2020-09-29 17:00:01,501] INFO - Epoch [4/80], Step [200/500] Loss: 0.9590
[2020-09-29 17:00:20,110] INFO - Epoch [4/80], Step [300/500] Loss: 0.7625
[2020-09-29 17:00:38,654] INFO - Epoch [4/80], Step [400/500] Loss: 1.0597
[2020-09-29 17:00:57,182] INFO - Epoch [4/80], Step [500/500] Loss: 1.0244
[2020-09-29 17:01:15,694] INFO - Epoch [5/80], Step [100/500] Loss: 1.0380
[2020-09-29 17:01:34,282] INFO - Epoch [5/80], Step [200/500] Loss: 0.9272
[2020-09-29 17:01:52,788] INFO - Epoch [5/80], Step [300/500] Loss: 0.9300
[2020-09-29 17:02:11,284] INFO - Epoch [5/80], Step [400/500] Loss: 0.8580
[2020-09-29 17:02:29,815] INFO - Epoch [5/80], Step [500/500] Loss: 0.9167
[2020-09-29 17:02:48,305] INFO - Epoch [6/80], Step [100/500] Loss: 0.8269
[2020-09-29 17:03:06,774] INFO - Epoch [6/80], Step [200/500] Loss: 1.0434
[2020-09-29 17:03:25,296] INFO - Epoch [6/80], Step [300/500] Loss: 0.7903
[2020-09-29 17:03:43,821] INFO - Epoch [6/80], Step [400/500] Loss: 0.8615
[2020-09-29 17:04:02,269] INFO - Epoch [6/80], Step [500/500] Loss: 0.9964
[2020-09-29 17:04:20,788] INFO - Epoch [7/80], Step [100/500] Loss: 0.7729
[2020-09-29 17:04:39,924] INFO - Epoch [7/80], Step [200/500] Loss: 0.6842
[2020-09-29 17:04:58,474] INFO - Epoch [7/80], Step [300/500] Loss: 0.8427
[2020-09-29 17:05:17,074] INFO - Epoch [7/80], Step [400/500] Loss: 0.7835
[2020-09-29 17:05:35,807] INFO - Epoch [7/80], Step [500/500] Loss: 0.7890
[2020-09-29 17:05:54,679] INFO - Epoch [8/80], Step [100/500] Loss: 0.6679
[2020-09-29 17:06:13,662] INFO - Epoch [8/80], Step [200/500] Loss: 0.8103
[2020-09-29 17:06:32,784] INFO - Epoch [8/80], Step [300/500] Loss: 0.7750
[2020-09-29 17:06:51,641] INFO - Epoch [8/80], Step [400/500] Loss: 0.7370
[2020-09-29 17:07:10,254] INFO - Epoch [8/80], Step [500/500] Loss: 0.6671
[2020-09-29 17:07:29,096] INFO - Epoch [9/80], Step [100/500] Loss: 0.7113
[2020-09-29 17:07:47,748] INFO - Epoch [9/80], Step [200/500] Loss: 0.5667
[2020-09-29 17:08:06,395] INFO - Epoch [9/80], Step [300/500] Loss: 0.5122
[2020-09-29 17:08:25,603] INFO - Epoch [9/80], Step [400/500] Loss: 0.6642
[2020-09-29 17:08:45,090] INFO - Epoch [9/80], Step [500/500] Loss: 0.6375
[2020-09-29 17:09:04,487] INFO - Epoch [10/80], Step [100/500] Loss: 0.9258
[2020-09-29 17:09:24,042] INFO - Epoch [10/80], Step [200/500] Loss: 1.0696
[2020-09-29 17:09:43,899] INFO - Epoch [10/80], Step [300/500] Loss: 0.9052
[2020-09-29 17:10:03,762] INFO - Epoch [10/80], Step [400/500] Loss: 0.6027
[2020-09-29 17:10:23,566] INFO - Epoch [10/80], Step [500/500] Loss: 0.6608
[2020-09-29 17:10:43,517] INFO - Epoch [11/80], Step [100/500] Loss: 0.5509
[2020-09-29 17:11:02,989] INFO - Epoch [11/80], Step [200/500] Loss: 0.6385
[2020-09-29 17:11:21,662] INFO - Epoch [11/80], Step [300/500] Loss: 0.6549
[2020-09-29 17:11:40,265] INFO - Epoch [11/80], Step [400/500] Loss: 0.6992
[2020-09-29 17:11:58,762] INFO - Epoch [11/80], Step [500/500] Loss: 0.7077
[2020-09-29 17:12:17,553] INFO - Epoch [12/80], Step [100/500] Loss: 0.6932
[2020-09-29 17:12:36,247] INFO - Epoch [12/80], Step [200/500] Loss: 0.5661
[2020-09-29 17:12:55,001] INFO - Epoch [12/80], Step [300/500] Loss: 0.6362
[2020-09-29 17:13:13,648] INFO - Epoch [12/80], Step [400/500] Loss: 0.4879
[2020-09-29 17:13:32,240] INFO - Epoch [12/80], Step [500/500] Loss: 0.5250
[2020-09-29 17:13:50,798] INFO - Epoch [13/80], Step [100/500] Loss: 0.6076
[2020-09-29 17:14:09,327] INFO - Epoch [13/80], Step [200/500] Loss: 0.5621
[2020-09-29 17:14:27,889] INFO - Epoch [13/80], Step [300/500] Loss: 0.4561
[2020-09-29 17:14:46,670] INFO - Epoch [13/80], Step [400/500] Loss: 0.5203
[2020-09-29 17:15:05,292] INFO - Epoch [13/80], Step [500/500] Loss: 0.6637
[2020-09-29 17:15:23,854] INFO - Epoch [14/80], Step [100/500] Loss: 0.6496
[2020-09-29 17:15:42,448] INFO - Epoch [14/80], Step [200/500] Loss: 0.6602
[2020-09-29 17:16:00,921] INFO - Epoch [14/80], Step [300/500] Loss: 0.7843
[2020-09-29 17:16:19,478] INFO - Epoch [14/80], Step [400/500] Loss: 0.4412
[2020-09-29 17:16:38,027] INFO - Epoch [14/80], Step [500/500] Loss: 0.5674
[2020-09-29 17:16:56,564] INFO - Epoch [15/80], Step [100/500] Loss: 0.3997
[2020-09-29 17:17:15,090] INFO - Epoch [15/80], Step [200/500] Loss: 0.6798
[2020-09-29 17:17:33,671] INFO - Epoch [15/80], Step [300/500] Loss: 0.6266
[2020-09-29 17:17:52,190] INFO - Epoch [15/80], Step [400/500] Loss: 0.4482
[2020-09-29 17:18:10,737] INFO - Epoch [15/80], Step [500/500] Loss: 0.5032
[2020-09-29 17:18:29,337] INFO - Epoch [16/80], Step [100/500] Loss: 0.5224
[2020-09-29 17:18:47,923] INFO - Epoch [16/80], Step [200/500] Loss: 0.5487
[2020-09-29 17:19:06,445] INFO - Epoch [16/80], Step [300/500] Loss: 0.7194
[2020-09-29 17:19:25,025] INFO - Epoch [16/80], Step [400/500] Loss: 0.4966
[2020-09-29 17:19:43,634] INFO - Epoch [16/80], Step [500/500] Loss: 0.4873
[2020-09-29 17:20:02,090] INFO - Epoch [17/80], Step [100/500] Loss: 0.5800
[2020-09-29 17:20:20,618] INFO - Epoch [17/80], Step [200/500] Loss: 0.5894
[2020-09-29 17:20:39,163] INFO - Epoch [17/80], Step [300/500] Loss: 0.4482
[2020-09-29 17:20:57,667] INFO - Epoch [17/80], Step [400/500] Loss: 0.5256
[2020-09-29 17:21:16,169] INFO - Epoch [17/80], Step [500/500] Loss: 0.4471
[2020-09-29 17:21:34,689] INFO - Epoch [18/80], Step [100/500] Loss: 0.7058
[2020-09-29 17:21:53,187] INFO - Epoch [18/80], Step [200/500] Loss: 0.6200
[2020-09-29 17:22:11,671] INFO - Epoch [18/80], Step [300/500] Loss: 0.4517
[2020-09-29 17:22:30,200] INFO - Epoch [18/80], Step [400/500] Loss: 0.6002
[2020-09-29 17:22:48,739] INFO - Epoch [18/80], Step [500/500] Loss: 0.6768
[2020-09-29 17:23:07,221] INFO - Epoch [19/80], Step [100/500] Loss: 0.6423
[2020-09-29 17:23:25,779] INFO - Epoch [19/80], Step [200/500] Loss: 0.4303
[2020-09-29 17:23:44,296] INFO - Epoch [19/80], Step [300/500] Loss: 0.4391
[2020-09-29 17:24:02,752] INFO - Epoch [19/80], Step [400/500] Loss: 0.4280
[2020-09-29 17:24:21,302] INFO - Epoch [19/80], Step [500/500] Loss: 0.5661
[2020-09-29 17:24:39,875] INFO - Epoch [20/80], Step [100/500] Loss: 0.5418
[2020-09-29 17:24:58,349] INFO - Epoch [20/80], Step [200/500] Loss: 0.3788
[2020-09-29 17:25:16,886] INFO - Epoch [20/80], Step [300/500] Loss: 0.4784
[2020-09-29 17:25:35,408] INFO - Epoch [20/80], Step [400/500] Loss: 0.4780
[2020-09-29 17:25:53,901] INFO - Epoch [20/80], Step [500/500] Loss: 0.4039
[2020-09-29 17:26:12,410] INFO - Epoch [21/80], Step [100/500] Loss: 0.3380
[2020-09-29 17:26:30,944] INFO - Epoch [21/80], Step [200/500] Loss: 0.4849
[2020-09-29 17:26:49,472] INFO - Epoch [21/80], Step [300/500] Loss: 0.4499
[2020-09-29 17:27:07,927] INFO - Epoch [21/80], Step [400/500] Loss: 0.3367
[2020-09-29 17:27:26,429] INFO - Epoch [21/80], Step [500/500] Loss: 0.4017
[2020-09-29 17:27:44,950] INFO - Epoch [22/80], Step [100/500] Loss: 0.4092
[2020-09-29 17:28:03,404] INFO - Epoch [22/80], Step [200/500] Loss: 0.3519
[2020-09-29 17:28:21,928] INFO - Epoch [22/80], Step [300/500] Loss: 0.4621
[2020-09-29 17:28:40,605] INFO - Epoch [22/80], Step [400/500] Loss: 0.6097
[2020-09-29 17:28:59,713] INFO - Epoch [22/80], Step [500/500] Loss: 0.3906
[2020-09-29 17:29:18,969] INFO - Epoch [23/80], Step [100/500] Loss: 0.4887
[2020-09-29 17:29:37,656] INFO - Epoch [23/80], Step [200/500] Loss: 0.3565
[2020-09-29 17:29:56,265] INFO - Epoch [23/80], Step [300/500] Loss: 0.4321
[2020-09-29 17:30:14,921] INFO - Epoch [23/80], Step [400/500] Loss: 0.3601
[2020-09-29 17:30:33,500] INFO - Epoch [23/80], Step [500/500] Loss: 0.6396
[2020-09-29 17:30:51,994] INFO - Epoch [24/80], Step [100/500] Loss: 0.3848
[2020-09-29 17:31:10,593] INFO - Epoch [24/80], Step [200/500] Loss: 0.4521
[2020-09-29 17:31:29,142] INFO - Epoch [24/80], Step [300/500] Loss: 0.3336
[2020-09-29 17:31:47,669] INFO - Epoch [24/80], Step [400/500] Loss: 0.4371
[2020-09-29 17:32:06,130] INFO - Epoch [24/80], Step [500/500] Loss: 0.4272
[2020-09-29 17:32:24,631] INFO - Epoch [25/80], Step [100/500] Loss: 0.4457
[2020-09-29 17:32:43,155] INFO - Epoch [25/80], Step [200/500] Loss: 0.3886
[2020-09-29 17:33:01,641] INFO - Epoch [25/80], Step [300/500] Loss: 0.3702
[2020-09-29 17:33:20,129] INFO - Epoch [25/80], Step [400/500] Loss: 0.5335
[2020-09-29 17:33:38,665] INFO - Epoch [25/80], Step [500/500] Loss: 0.4422
[2020-09-29 17:33:57,132] INFO - Epoch [26/80], Step [100/500] Loss: 0.3640
[2020-09-29 17:34:15,617] INFO - Epoch [26/80], Step [200/500] Loss: 0.3767
[2020-09-29 17:34:34,181] INFO - Epoch [26/80], Step [300/500] Loss: 0.4032
[2020-09-29 17:34:52,713] INFO - Epoch [26/80], Step [400/500] Loss: 0.3897
[2020-09-29 17:35:11,203] INFO - Epoch [26/80], Step [500/500] Loss: 0.4929
[2020-09-29 17:35:29,778] INFO - Epoch [27/80], Step [100/500] Loss: 0.4694
[2020-09-29 17:35:48,475] INFO - Epoch [27/80], Step [200/500] Loss: 0.5398
[2020-09-29 17:36:06,988] INFO - Epoch [27/80], Step [300/500] Loss: 0.2706
[2020-09-29 17:36:25,514] INFO - Epoch [27/80], Step [400/500] Loss: 0.4516
[2020-09-29 17:36:44,066] INFO - Epoch [27/80], Step [500/500] Loss: 0.3276
[2020-09-29 17:37:02,541] INFO - Epoch [28/80], Step [100/500] Loss: 0.3672
[2020-09-29 17:37:21,071] INFO - Epoch [28/80], Step [200/500] Loss: 0.4474
[2020-09-29 17:37:39,630] INFO - Epoch [28/80], Step [300/500] Loss: 0.3785
[2020-09-29 17:37:58,406] INFO - Epoch [28/80], Step [400/500] Loss: 0.4504
[2020-09-29 17:38:17,717] INFO - Epoch [28/80], Step [500/500] Loss: 0.3986
[2020-09-29 17:38:36,746] INFO - Epoch [29/80], Step [100/500] Loss: 0.5970
[2020-09-29 17:38:55,541] INFO - Epoch [29/80], Step [200/500] Loss: 0.5433
[2020-09-29 17:39:14,253] INFO - Epoch [29/80], Step [300/500] Loss: 0.4886
[2020-09-29 17:39:32,980] INFO - Epoch [29/80], Step [400/500] Loss: 0.3166
[2020-09-29 17:39:51,756] INFO - Epoch [29/80], Step [500/500] Loss: 0.4973
[2020-09-29 17:40:10,444] INFO - Epoch [30/80], Step [100/500] Loss: 0.2711
[2020-09-29 17:40:29,238] INFO - Epoch [30/80], Step [200/500] Loss: 0.3193
[2020-09-29 17:40:49,394] INFO - Epoch [30/80], Step [300/500] Loss: 0.4641
[2020-09-29 17:41:09,092] INFO - Epoch [30/80], Step [400/500] Loss: 0.3091
[2020-09-29 17:41:28,723] INFO - Epoch [30/80], Step [500/500] Loss: 0.4362
[2020-09-29 17:41:48,356] INFO - Epoch [31/80], Step [100/500] Loss: 0.5032
[2020-09-29 17:42:07,503] INFO - Epoch [31/80], Step [200/500] Loss: 0.4627
[2020-09-29 17:42:26,531] INFO - Epoch [31/80], Step [300/500] Loss: 0.3643
[2020-09-29 17:42:45,566] INFO - Epoch [31/80], Step [400/500] Loss: 0.3309
[2020-09-29 17:43:04,511] INFO - Epoch [31/80], Step [500/500] Loss: 0.4852
[2020-09-29 17:43:23,211] INFO - Epoch [32/80], Step [100/500] Loss: 0.2487
[2020-09-29 17:43:41,787] INFO - Epoch [32/80], Step [200/500] Loss: 0.3109
[2020-09-29 17:44:00,379] INFO - Epoch [32/80], Step [300/500] Loss: 0.4112
[2020-09-29 17:44:19,092] INFO - Epoch [32/80], Step [400/500] Loss: 0.3560
[2020-09-29 17:44:37,991] INFO - Epoch [32/80], Step [500/500] Loss: 0.3477
[2020-09-29 17:44:56,637] INFO - Epoch [33/80], Step [100/500] Loss: 0.4353
[2020-09-29 17:45:15,416] INFO - Epoch [33/80], Step [200/500] Loss: 0.4003
[2020-09-29 17:45:33,988] INFO - Epoch [33/80], Step [300/500] Loss: 0.3822
[2020-09-29 17:45:52,547] INFO - Epoch [33/80], Step [400/500] Loss: 0.4174
[2020-09-29 17:46:11,042] INFO - Epoch [33/80], Step [500/500] Loss: 0.3745
[2020-09-29 17:46:29,618] INFO - Epoch [34/80], Step [100/500] Loss: 0.3327
[2020-09-29 17:46:48,181] INFO - Epoch [34/80], Step [200/500] Loss: 0.4240
[2020-09-29 17:47:06,724] INFO - Epoch [34/80], Step [300/500] Loss: 0.3390
[2020-09-29 17:47:26,322] INFO - Epoch [34/80], Step [400/500] Loss: 0.3898
[2020-09-29 17:48:56,033] INFO - Epoch [34/80], Step [500/500] Loss: 0.4997
[2020-09-29 17:50:13,183] INFO - Epoch [35/80], Step [100/500] Loss: 0.3185
[2020-09-29 17:50:31,834] INFO - Epoch [35/80], Step [200/500] Loss: 0.3094
[2020-09-29 17:50:50,378] INFO - Epoch [35/80], Step [300/500] Loss: 0.3688
[2020-09-29 17:51:59,357] INFO - Epoch [35/80], Step [400/500] Loss: 0.4030
[2020-09-29 17:53:42,423] INFO - Epoch [35/80], Step [500/500] Loss: 0.3624
[2020-09-29 17:55:10,964] INFO - Epoch [36/80], Step [100/500] Loss: 0.6356
[2020-09-29 17:55:29,555] INFO - Epoch [36/80], Step [200/500] Loss: 0.4427
[2020-09-29 17:55:48,113] INFO - Epoch [36/80], Step [300/500] Loss: 0.3997
[2020-09-29 17:56:46,514] INFO - Epoch [36/80], Step [400/500] Loss: 0.2803
[2020-09-29 17:58:28,361] INFO - Epoch [36/80], Step [500/500] Loss: 0.4928
[2020-09-29 18:00:07,888] INFO - Epoch [37/80], Step [100/500] Loss: 0.4044
[2020-09-29 18:00:26,505] INFO - Epoch [37/80], Step [200/500] Loss: 0.3357
[2020-09-29 18:00:45,085] INFO - Epoch [37/80], Step [300/500] Loss: 0.3835
[2020-09-29 18:01:29,768] INFO - Epoch [37/80], Step [400/500] Loss: 0.3002
[2020-09-29 18:03:12,169] INFO - Epoch [37/80], Step [500/500] Loss: 0.3418
[2020-09-29 18:04:54,886] INFO - Epoch [38/80], Step [100/500] Loss: 0.4265
[2020-09-29 18:05:24,348] INFO - Epoch [38/80], Step [200/500] Loss: 0.3213
[2020-09-29 18:05:43,335] INFO - Epoch [38/80], Step [300/500] Loss: 0.4124
[2020-09-29 18:06:32,018] INFO - Epoch [38/80], Step [400/500] Loss: 0.2812
[2020-09-29 18:08:20,227] INFO - Epoch [38/80], Step [500/500] Loss: 0.5090
[2020-09-29 18:10:07,877] INFO - Epoch [39/80], Step [100/500] Loss: 0.3326
[2020-09-29 18:10:26,706] INFO - Epoch [39/80], Step [200/500] Loss: 0.2418
[2020-09-29 18:10:45,483] INFO - Epoch [39/80], Step [300/500] Loss: 0.3138
[2020-09-29 18:11:31,818] INFO - Epoch [39/80], Step [400/500] Loss: 0.3382
[2020-09-29 18:13:12,586] INFO - Epoch [39/80], Step [500/500] Loss: 0.4209
[2020-09-29 18:14:54,530] INFO - Epoch [40/80], Step [100/500] Loss: 0.2611
[2020-09-29 18:15:23,688] INFO - Epoch [40/80], Step [200/500] Loss: 0.2983
[2020-09-29 18:15:42,198] INFO - Epoch [40/80], Step [300/500] Loss: 0.2685
[2020-09-29 18:16:12,458] INFO - Epoch [40/80], Step [400/500] Loss: 0.4403
[2020-09-29 18:17:55,369] INFO - Epoch [40/80], Step [500/500] Loss: 0.3354
[2020-09-29 18:19:37,096] INFO - Epoch [41/80], Step [100/500] Loss: 0.3571
[2020-09-29 18:20:20,519] INFO - Epoch [41/80], Step [200/500] Loss: 0.3339
[2020-09-29 18:20:39,012] INFO - Epoch [41/80], Step [300/500] Loss: 0.3413
[2020-09-29 18:20:59,899] INFO - Epoch [41/80], Step [400/500] Loss: 0.3734
[2020-09-29 18:22:37,954] INFO - Epoch [41/80], Step [500/500] Loss: 0.2969
[2020-09-29 18:24:20,482] INFO - Epoch [42/80], Step [100/500] Loss: 0.2260
[2020-09-29 18:25:18,001] INFO - Epoch [42/80], Step [200/500] Loss: 0.4466
[2020-09-29 18:25:36,816] INFO - Epoch [42/80], Step [300/500] Loss: 0.2783
[2020-09-29 18:25:56,292] INFO - Epoch [42/80], Step [400/500] Loss: 0.3098
[2020-09-29 18:27:29,642] INFO - Epoch [42/80], Step [500/500] Loss: 0.4371
[2020-09-29 18:29:30,281] INFO - Epoch [43/80], Step [100/500] Loss: 0.3391
[2020-09-29 18:30:19,438] INFO - Epoch [43/80], Step [200/500] Loss: 0.3916
[2020-09-29 18:30:37,933] INFO - Epoch [43/80], Step [300/500] Loss: 0.3383
[2020-09-29 18:30:58,108] INFO - Epoch [43/80], Step [400/500] Loss: 0.2334
[2020-09-29 18:32:32,415] INFO - Epoch [43/80], Step [500/500] Loss: 0.2764
[2020-09-29 18:34:13,970] INFO - Epoch [44/80], Step [100/500] Loss: 0.2437
[2020-09-29 18:35:16,106] INFO - Epoch [44/80], Step [200/500] Loss: 0.2795
[2020-09-29 18:35:34,734] INFO - Epoch [44/80], Step [300/500] Loss: 0.3339
[2020-09-29 18:35:53,430] INFO - Epoch [44/80], Step [400/500] Loss: 0.2189
[2020-09-29 18:37:13,012] INFO - Epoch [44/80], Step [500/500] Loss: 0.2679
[2020-09-29 18:38:54,733] INFO - Epoch [45/80], Step [100/500] Loss: 0.3755
[2020-09-29 18:40:13,057] INFO - Epoch [45/80], Step [200/500] Loss: 0.2112
[2020-09-29 18:40:31,561] INFO - Epoch [45/80], Step [300/500] Loss: 0.3030
[2020-09-29 18:40:50,039] INFO - Epoch [45/80], Step [400/500] Loss: 0.3309
[2020-09-29 18:41:55,181] INFO - Epoch [45/80], Step [500/500] Loss: 0.3022
[2020-09-29 18:43:35,919] INFO - Epoch [46/80], Step [100/500] Loss: 0.2861
[2020-09-29 18:45:09,045] INFO - Epoch [46/80], Step [200/500] Loss: 0.2522
[2020-09-29 18:45:27,510] INFO - Epoch [46/80], Step [300/500] Loss: 0.3022
[2020-09-29 18:45:45,978] INFO - Epoch [46/80], Step [400/500] Loss: 0.4291
[2020-09-29 18:46:31,802] INFO - Epoch [46/80], Step [500/500] Loss: 0.3482
[2020-09-29 18:48:14,142] INFO - Epoch [47/80], Step [100/500] Loss: 0.4449
[2020-09-29 18:49:55,810] INFO - Epoch [47/80], Step [200/500] Loss: 0.4707
[2020-09-29 18:50:24,019] INFO - Epoch [47/80], Step [300/500] Loss: 0.2589
[2020-09-29 18:50:42,463] INFO - Epoch [47/80], Step [400/500] Loss: 0.2928
[2020-09-29 18:51:13,610] INFO - Epoch [47/80], Step [500/500] Loss: 0.2884
[2020-09-29 18:52:56,045] INFO - Epoch [48/80], Step [100/500] Loss: 0.4340
[2020-09-29 18:54:36,196] INFO - Epoch [48/80], Step [200/500] Loss: 0.4039
[2020-09-29 18:55:20,416] INFO - Epoch [48/80], Step [300/500] Loss: 0.2652
[2020-09-29 18:55:38,945] INFO - Epoch [48/80], Step [400/500] Loss: 0.4136
[2020-09-29 18:56:01,309] INFO - Epoch [48/80], Step [500/500] Loss: 0.2526
[2020-09-29 18:57:42,358] INFO - Epoch [49/80], Step [100/500] Loss: 0.3052
[2020-09-29 18:59:42,011] INFO - Epoch [49/80], Step [200/500] Loss: 0.3475
[2020-09-29 19:00:22,976] INFO - Epoch [49/80], Step [300/500] Loss: 0.4930
[2020-09-29 19:00:41,479] INFO - Epoch [49/80], Step [400/500] Loss: 0.4182
[2020-09-29 19:01:08,937] INFO - Epoch [49/80], Step [500/500] Loss: 0.2718
[2020-09-29 19:02:50,444] INFO - Epoch [50/80], Step [100/500] Loss: 0.3972
[2020-09-29 19:04:32,868] INFO - Epoch [50/80], Step [200/500] Loss: 0.3529
[2020-09-29 19:05:19,928] INFO - Epoch [50/80], Step [300/500] Loss: 0.3524
[2020-09-29 19:05:38,574] INFO - Epoch [50/80], Step [400/500] Loss: 0.4783
[2020-09-29 19:05:58,995] INFO - Epoch [50/80], Step [500/500] Loss: 0.3009
[2020-09-29 19:07:34,429] INFO - Epoch [51/80], Step [100/500] Loss: 0.3044
[2020-09-29 19:09:14,717] INFO - Epoch [51/80], Step [200/500] Loss: 0.3395
[2020-09-29 19:10:16,459] INFO - Epoch [51/80], Step [300/500] Loss: 0.4225
[2020-09-29 19:10:34,938] INFO - Epoch [51/80], Step [400/500] Loss: 0.2953
[2020-09-29 19:10:53,544] INFO - Epoch [51/80], Step [500/500] Loss: 0.1516
[2020-09-29 19:12:17,752] INFO - Epoch [52/80], Step [100/500] Loss: 0.2299
[2020-09-29 19:13:59,094] INFO - Epoch [52/80], Step [200/500] Loss: 0.3993
[2020-09-29 19:15:13,590] INFO - Epoch [52/80], Step [300/500] Loss: 0.3397
[2020-09-29 19:15:32,109] INFO - Epoch [52/80], Step [400/500] Loss: 0.2928
[2020-09-29 19:15:50,532] INFO - Epoch [52/80], Step [500/500] Loss: 0.2885
[2020-09-29 19:16:58,518] INFO - Epoch [53/80], Step [100/500] Loss: 0.2012
[2020-09-29 19:18:38,238] INFO - Epoch [53/80], Step [200/500] Loss: 0.2500
[2020-09-29 19:20:10,450] INFO - Epoch [53/80], Step [300/500] Loss: 0.2446
[2020-09-29 19:20:29,321] INFO - Epoch [53/80], Step [400/500] Loss: 0.2376
[2020-09-29 19:20:47,872] INFO - Epoch [53/80], Step [500/500] Loss: 0.3643
[2020-09-29 19:21:46,687] INFO - Epoch [54/80], Step [100/500] Loss: 0.2138
[2020-09-29 19:23:30,788] INFO - Epoch [54/80], Step [200/500] Loss: 0.3931
[2020-09-29 19:25:11,833] INFO - Epoch [54/80], Step [300/500] Loss: 0.4054
[2020-09-29 19:25:31,523] INFO - Epoch [54/80], Step [400/500] Loss: 0.2197
[2020-09-29 19:25:51,122] INFO - Epoch [54/80], Step [500/500] Loss: 0.2028
[2020-09-29 19:27:08,210] INFO - Epoch [55/80], Step [100/500] Loss: 0.4683
[2020-09-29 19:28:51,968] INFO - Epoch [55/80], Step [200/500] Loss: 0.4248
[2020-09-29 19:30:12,477] INFO - Epoch [55/80], Step [300/500] Loss: 0.2568
[2020-09-29 19:30:30,998] INFO - Epoch [55/80], Step [400/500] Loss: 0.3845
[2020-09-29 19:30:49,434] INFO - Epoch [55/80], Step [500/500] Loss: 0.4039
[2020-09-29 19:31:51,589] INFO - Epoch [56/80], Step [100/500] Loss: 0.2846
[2020-09-29 19:33:31,867] INFO - Epoch [56/80], Step [200/500] Loss: 0.3820
[2020-09-29 19:35:09,521] INFO - Epoch [56/80], Step [300/500] Loss: 0.2724
[2020-09-29 19:35:28,020] INFO - Epoch [56/80], Step [400/500] Loss: 0.2513
[2020-09-29 19:35:46,512] INFO - Epoch [56/80], Step [500/500] Loss: 0.3438
[2020-09-29 19:36:35,574] INFO - Epoch [57/80], Step [100/500] Loss: 0.1926
[2020-09-29 19:38:16,757] INFO - Epoch [57/80], Step [200/500] Loss: 0.1717
[2020-09-29 19:39:57,526] INFO - Epoch [57/80], Step [300/500] Loss: 0.2002
[2020-09-29 19:40:24,351] INFO - Epoch [57/80], Step [400/500] Loss: 0.2101
[2020-09-29 19:40:42,871] INFO - Epoch [57/80], Step [500/500] Loss: 0.2129
[2020-09-29 19:41:15,758] INFO - Epoch [58/80], Step [100/500] Loss: 0.3776
[2020-09-29 19:42:55,977] INFO - Epoch [58/80], Step [200/500] Loss: 0.2837
[2020-09-29 19:44:35,121] INFO - Epoch [58/80], Step [300/500] Loss: 0.3126
[2020-09-29 19:45:20,532] INFO - Epoch [58/80], Step [400/500] Loss: 0.3577
[2020-09-29 19:45:39,009] INFO - Epoch [58/80], Step [500/500] Loss: 0.3964
[2020-09-29 19:45:59,640] INFO - Epoch [59/80], Step [100/500] Loss: 0.2900
[2020-09-29 19:47:36,182] INFO - Epoch [59/80], Step [200/500] Loss: 0.3052
[2020-09-29 19:49:19,551] INFO - Epoch [59/80], Step [300/500] Loss: 0.3666
[2020-09-29 19:50:17,430] INFO - Epoch [59/80], Step [400/500] Loss: 0.3183
[2020-09-29 19:50:35,940] INFO - Epoch [59/80], Step [500/500] Loss: 0.3018
[2020-09-29 19:50:54,892] INFO - Epoch [60/80], Step [100/500] Loss: 0.2335
[2020-09-29 19:52:16,992] INFO - Epoch [60/80], Step [200/500] Loss: 0.2106
[2020-09-29 19:53:59,000] INFO - Epoch [60/80], Step [300/500] Loss: 0.2081
[2020-09-29 19:55:13,845] INFO - Epoch [60/80], Step [400/500] Loss: 0.3644
[2020-09-29 19:55:32,640] INFO - Epoch [60/80], Step [500/500] Loss: 0.1609
[2020-09-29 19:55:51,701] INFO - Epoch [61/80], Step [100/500] Loss: 0.3955
[2020-09-29 19:57:09,998] INFO - Epoch [61/80], Step [200/500] Loss: 0.3176
[2020-09-29 19:58:55,675] INFO - Epoch [61/80], Step [300/500] Loss: 0.2499
[2020-09-29 20:00:13,590] INFO - Epoch [61/80], Step [400/500] Loss: 0.3362
[2020-09-29 20:00:32,293] INFO - Epoch [61/80], Step [500/500] Loss: 0.2157
[2020-09-29 20:00:50,920] INFO - Epoch [62/80], Step [100/500] Loss: 0.2625
[2020-09-29 20:02:00,233] INFO - Epoch [62/80], Step [200/500] Loss: 0.3491
[2020-09-29 20:03:40,549] INFO - Epoch [62/80], Step [300/500] Loss: 0.2475
[2020-09-29 20:05:10,098] INFO - Epoch [62/80], Step [400/500] Loss: 0.2576
[2020-09-29 20:05:28,548] INFO - Epoch [62/80], Step [500/500] Loss: 0.4354
[2020-09-29 20:05:47,047] INFO - Epoch [63/80], Step [100/500] Loss: 0.1816
[2020-09-29 20:06:39,082] INFO - Epoch [63/80], Step [200/500] Loss: 0.3927
[2020-09-29 20:08:20,269] INFO - Epoch [63/80], Step [300/500] Loss: 0.2621
[2020-09-29 20:10:01,337] INFO - Epoch [63/80], Step [400/500] Loss: 0.1168
[2020-09-29 20:10:25,129] INFO - Epoch [63/80], Step [500/500] Loss: 0.2723
[2020-09-29 20:10:43,577] INFO - Epoch [64/80], Step [100/500] Loss: 0.1862
[2020-09-29 20:11:19,044] INFO - Epoch [64/80], Step [200/500] Loss: 0.3736
[2020-09-29 20:13:00,708] INFO - Epoch [64/80], Step [300/500] Loss: 0.2059
[2020-09-29 20:14:39,874] INFO - Epoch [64/80], Step [400/500] Loss: 0.3527
[2020-09-29 20:15:21,119] INFO - Epoch [64/80], Step [500/500] Loss: 0.3892
[2020-09-29 20:15:39,603] INFO - Epoch [65/80], Step [100/500] Loss: 0.4134
[2020-09-29 20:16:00,918] INFO - Epoch [65/80], Step [200/500] Loss: 0.3195
[2020-09-29 20:17:36,836] INFO - Epoch [65/80], Step [300/500] Loss: 0.2735
[2020-09-29 20:19:17,973] INFO - Epoch [65/80], Step [400/500] Loss: 0.2673
[2020-09-29 20:20:17,312] INFO - Epoch [65/80], Step [500/500] Loss: 0.1346
[2020-09-29 20:20:35,795] INFO - Epoch [66/80], Step [100/500] Loss: 0.2574
[2020-09-29 20:20:54,760] INFO - Epoch [66/80], Step [200/500] Loss: 0.4092
[2020-09-29 20:22:15,867] INFO - Epoch [66/80], Step [300/500] Loss: 0.2353
[2020-09-29 20:23:52,926] INFO - Epoch [66/80], Step [400/500] Loss: 0.2119
[2020-09-29 20:25:12,245] INFO - Epoch [66/80], Step [500/500] Loss: 0.2558
[2020-09-29 20:25:30,653] INFO - Epoch [67/80], Step [100/500] Loss: 0.2159
[2020-09-29 20:25:49,086] INFO - Epoch [67/80], Step [200/500] Loss: 0.2191
[2020-09-29 20:26:48,597] INFO - Epoch [67/80], Step [300/500] Loss: 0.2066
[2020-09-29 20:28:28,603] INFO - Epoch [67/80], Step [400/500] Loss: 0.2031
[2020-09-29 20:30:05,321] INFO - Epoch [67/80], Step [500/500] Loss: 0.2762
[2020-09-29 20:30:25,883] INFO - Epoch [68/80], Step [100/500] Loss: 0.3040
[2020-09-29 20:30:44,312] INFO - Epoch [68/80], Step [200/500] Loss: 0.3524
[2020-09-29 20:31:22,128] INFO - Epoch [68/80], Step [300/500] Loss: 0.3409
[2020-09-29 20:33:02,403] INFO - Epoch [68/80], Step [400/500] Loss: 0.3569
[2020-09-29 20:34:42,574] INFO - Epoch [68/80], Step [500/500] Loss: 0.2998
[2020-09-29 20:35:21,430] INFO - Epoch [69/80], Step [100/500] Loss: 0.3847
[2020-09-29 20:35:39,858] INFO - Epoch [69/80], Step [200/500] Loss: 0.2836
[2020-09-29 20:36:01,406] INFO - Epoch [69/80], Step [300/500] Loss: 0.2598
[2020-09-29 20:37:41,570] INFO - Epoch [69/80], Step [400/500] Loss: 0.2605
[2020-09-29 20:39:21,935] INFO - Epoch [69/80], Step [500/500] Loss: 0.4158
[2020-09-29 20:40:18,076] INFO - Epoch [70/80], Step [100/500] Loss: 0.3010
[2020-09-29 20:40:36,506] INFO - Epoch [70/80], Step [200/500] Loss: 0.2384
[2020-09-29 20:40:55,653] INFO - Epoch [70/80], Step [300/500] Loss: 0.2176
[2020-09-29 20:42:20,348] INFO - Epoch [70/80], Step [400/500] Loss: 0.4066
[2020-09-29 20:44:00,898] INFO - Epoch [70/80], Step [500/500] Loss: 0.3708
[2020-09-29 20:45:14,143] INFO - Epoch [71/80], Step [100/500] Loss: 0.3157
[2020-09-29 20:45:32,584] INFO - Epoch [71/80], Step [200/500] Loss: 0.2971
[2020-09-29 20:45:51,031] INFO - Epoch [71/80], Step [300/500] Loss: 0.3528
[2020-09-29 20:46:59,212] INFO - Epoch [71/80], Step [400/500] Loss: 0.2629
[2020-09-29 20:48:41,379] INFO - Epoch [71/80], Step [500/500] Loss: 0.3192
[2020-09-29 20:50:10,701] INFO - Epoch [72/80], Step [100/500] Loss: 0.2282
[2020-09-29 20:50:29,077] INFO - Epoch [72/80], Step [200/500] Loss: 0.2842
[2020-09-29 20:50:47,479] INFO - Epoch [72/80], Step [300/500] Loss: 0.4150
[2020-09-29 20:51:41,236] INFO - Epoch [72/80], Step [400/500] Loss: 0.2935
[2020-09-29 20:53:19,108] INFO - Epoch [72/80], Step [500/500] Loss: 0.1749
[2020-09-29 20:54:59,127] INFO - Epoch [73/80], Step [100/500] Loss: 0.3306
[2020-09-29 20:55:24,744] INFO - Epoch [73/80], Step [200/500] Loss: 0.4183
[2020-09-29 20:55:43,190] INFO - Epoch [73/80], Step [300/500] Loss: 0.3609
[2020-09-29 20:56:15,814] INFO - Epoch [73/80], Step [400/500] Loss: 0.2505
[2020-09-29 20:57:57,286] INFO - Epoch [73/80], Step [500/500] Loss: 0.2861
[2020-09-29 20:59:38,579] INFO - Epoch [74/80], Step [100/500] Loss: 0.3140
[2020-09-29 21:00:21,036] INFO - Epoch [74/80], Step [200/500] Loss: 0.2733
[2020-09-29 21:00:39,469] INFO - Epoch [74/80], Step [300/500] Loss: 0.2849
[2020-09-29 21:01:00,453] INFO - Epoch [74/80], Step [400/500] Loss: 0.3349
[2020-09-29 21:02:35,960] INFO - Epoch [74/80], Step [500/500] Loss: 0.2751
[2020-09-29 21:04:14,816] INFO - Epoch [75/80], Step [100/500] Loss: 0.3114
[2020-09-29 21:05:16,728] INFO - Epoch [75/80], Step [200/500] Loss: 0.1936
[2020-09-29 21:05:35,272] INFO - Epoch [75/80], Step [300/500] Loss: 0.2345
[2020-09-29 21:05:54,000] INFO - Epoch [75/80], Step [400/500] Loss: 0.3158
[2020-09-29 21:07:14,743] INFO - Epoch [75/80], Step [500/500] Loss: 0.2937
[2020-09-29 21:08:56,228] INFO - Epoch [76/80], Step [100/500] Loss: 0.2400
[2020-09-29 21:10:13,266] INFO - Epoch [76/80], Step [200/500] Loss: 0.2510
[2020-09-29 21:10:31,645] INFO - Epoch [76/80], Step [300/500] Loss: 0.1260
[2020-09-29 21:10:50,097] INFO - Epoch [76/80], Step [400/500] Loss: 0.2954
[2020-09-29 21:11:53,263] INFO - Epoch [76/80], Step [500/500] Loss: 0.3222
[2020-09-29 21:13:35,021] INFO - Epoch [77/80], Step [100/500] Loss: 0.3865
[2020-09-29 21:15:09,262] INFO - Epoch [77/80], Step [200/500] Loss: 0.1485
[2020-09-29 21:15:27,660] INFO - Epoch [77/80], Step [300/500] Loss: 0.2356
[2020-09-29 21:15:46,130] INFO - Epoch [77/80], Step [400/500] Loss: 0.2201
[2020-09-29 21:16:32,074] INFO - Epoch [77/80], Step [500/500] Loss: 0.3866
[2020-09-29 21:18:12,145] INFO - Epoch [78/80], Step [100/500] Loss: 0.2236
[2020-09-29 21:19:50,635] INFO - Epoch [78/80], Step [200/500] Loss: 0.3452
[2020-09-29 21:20:23,330] INFO - Epoch [78/80], Step [300/500] Loss: 0.2371
[2020-09-29 21:20:41,780] INFO - Epoch [78/80], Step [400/500] Loss: 0.2294
[2020-09-29 21:21:08,413] INFO - Epoch [78/80], Step [500/500] Loss: 0.3019
[2020-09-29 21:22:49,701] INFO - Epoch [79/80], Step [100/500] Loss: 0.1938
[2020-09-29 21:24:29,915] INFO - Epoch [79/80], Step [200/500] Loss: 0.3195
[2020-09-29 21:25:19,385] INFO - Epoch [79/80], Step [300/500] Loss: 0.2215
[2020-09-29 21:25:37,743] INFO - Epoch [79/80], Step [400/500] Loss: 0.2169
[2020-09-29 21:25:57,230] INFO - Epoch [79/80], Step [500/500] Loss: 0.3981
[2020-09-29 21:27:25,970] INFO - Epoch [80/80], Step [100/500] Loss: 0.2754
[2020-09-29 21:29:06,484] INFO - Epoch [80/80], Step [200/500] Loss: 0.2710
[2020-09-29 21:30:15,033] INFO - Epoch [80/80], Step [300/500] Loss: 0.3226
[2020-09-29 21:30:33,447] INFO - Epoch [80/80], Step [400/500] Loss: 0.3105
[2020-09-29 21:30:51,860] INFO - Epoch [80/80], Step [500/500] Loss: 0.1534
[2020-09-29 21:30:51,861] INFO - 'train' duration (secs):  16566.7388
[2020-09-29 21:30:59,180] INFO - Accuracy of the model on the test images: 85.76 %
[2020-09-29 21:30:59,180] INFO - 'evaluate' duration (secs):  7.3190
[2020-09-29 21:30:59,218] INFO - 'main' duration (secs):  16594.2333
