[2020-09-29 05:03:05,579] INFO - Some torch.cuda functionality unavailable
[2020-09-29 05:05:11,483] INFO - Epoch [1/80], Step [100/500] Loss: 1.7266
[2020-09-29 05:05:22,254] INFO - Epoch [1/80], Step [200/500] Loss: 1.5662
[2020-09-29 05:05:32,998] INFO - Epoch [1/80], Step [300/500] Loss: 1.3075
[2020-09-29 05:06:36,791] INFO - Epoch [1/80], Step [400/500] Loss: 1.2526
[2020-09-29 05:09:02,666] INFO - Epoch [1/80], Step [500/500] Loss: 1.1071
[2020-09-29 05:10:14,824] INFO - Epoch [2/80], Step [100/500] Loss: 1.1096
[2020-09-29 05:10:25,587] INFO - Epoch [2/80], Step [200/500] Loss: 0.8543
[2020-09-29 05:10:37,252] INFO - Epoch [2/80], Step [300/500] Loss: 0.8298
[2020-09-29 05:12:04,562] INFO - Epoch [2/80], Step [400/500] Loss: 0.9653
[2020-09-29 05:14:23,454] INFO - Epoch [2/80], Step [500/500] Loss: 0.7788
[2020-09-29 05:15:16,566] INFO - Epoch [3/80], Step [100/500] Loss: 1.0539
[2020-09-29 05:15:27,432] INFO - Epoch [3/80], Step [200/500] Loss: 0.9754
[2020-09-29 05:15:40,171] INFO - Epoch [3/80], Step [300/500] Loss: 0.8368
[2020-09-29 05:17:37,289] INFO - Epoch [3/80], Step [400/500] Loss: 0.9813
[2020-09-29 05:19:53,920] INFO - Epoch [3/80], Step [500/500] Loss: 0.6699
[2020-09-29 05:20:18,575] INFO - Epoch [4/80], Step [100/500] Loss: 0.5987
[2020-09-29 05:20:29,372] INFO - Epoch [4/80], Step [200/500] Loss: 0.7829
[2020-09-29 05:20:45,967] INFO - Epoch [4/80], Step [300/500] Loss: 0.7614
[2020-09-29 05:22:52,608] INFO - Epoch [4/80], Step [400/500] Loss: 0.6676
[2020-09-29 05:25:09,748] INFO - Epoch [4/80], Step [500/500] Loss: 0.7569
[2020-09-29 05:25:20,517] INFO - Epoch [5/80], Step [100/500] Loss: 0.8596
[2020-09-29 05:25:31,261] INFO - Epoch [5/80], Step [200/500] Loss: 0.6924
[2020-09-29 05:26:08,399] INFO - Epoch [5/80], Step [300/500] Loss: 0.6628
[2020-09-29 05:28:27,227] INFO - Epoch [5/80], Step [400/500] Loss: 0.6540
[2020-09-29 05:30:11,190] INFO - Epoch [5/80], Step [500/500] Loss: 0.6558
[2020-09-29 05:30:22,014] INFO - Epoch [6/80], Step [100/500] Loss: 0.6263
[2020-09-29 05:30:32,798] INFO - Epoch [6/80], Step [200/500] Loss: 0.6569
[2020-09-29 05:31:31,419] INFO - Epoch [6/80], Step [300/500] Loss: 0.7422
[2020-09-29 05:33:42,755] INFO - Epoch [6/80], Step [400/500] Loss: 0.4811
[2020-09-29 05:35:13,041] INFO - Epoch [6/80], Step [500/500] Loss: 0.6558
[2020-09-29 05:35:23,947] INFO - Epoch [7/80], Step [100/500] Loss: 0.5329
[2020-09-29 05:35:34,916] INFO - Epoch [7/80], Step [200/500] Loss: 0.5478
[2020-09-29 05:36:52,791] INFO - Epoch [7/80], Step [300/500] Loss: 0.6248
[2020-09-29 05:39:10,660] INFO - Epoch [7/80], Step [400/500] Loss: 0.5655
[2020-09-29 05:40:15,167] INFO - Epoch [7/80], Step [500/500] Loss: 0.5392
[2020-09-29 05:40:25,995] INFO - Epoch [8/80], Step [100/500] Loss: 0.6495
[2020-09-29 05:40:37,816] INFO - Epoch [8/80], Step [200/500] Loss: 0.6786
[2020-09-29 05:42:20,600] INFO - Epoch [8/80], Step [300/500] Loss: 0.6180
[2020-09-29 05:44:27,822] INFO - Epoch [8/80], Step [400/500] Loss: 0.4404
[2020-09-29 05:45:16,614] INFO - Epoch [8/80], Step [500/500] Loss: 0.4741
[2020-09-29 05:45:27,371] INFO - Epoch [9/80], Step [100/500] Loss: 0.5591
[2020-09-29 05:45:40,052] INFO - Epoch [9/80], Step [200/500] Loss: 0.4860
[2020-09-29 05:47:37,912] INFO - Epoch [9/80], Step [300/500] Loss: 0.6891
[2020-09-29 05:49:49,962] INFO - Epoch [9/80], Step [400/500] Loss: 0.5671
[2020-09-29 05:50:18,357] INFO - Epoch [9/80], Step [500/500] Loss: 0.5156
[2020-09-29 05:50:29,161] INFO - Epoch [10/80], Step [100/500] Loss: 0.5821
[2020-09-29 05:50:43,994] INFO - Epoch [10/80], Step [200/500] Loss: 0.5065
[2020-09-29 05:53:00,576] INFO - Epoch [10/80], Step [300/500] Loss: 0.3938
[2020-09-29 05:55:09,575] INFO - Epoch [10/80], Step [400/500] Loss: 0.5334
[2020-09-29 05:55:20,397] INFO - Epoch [10/80], Step [500/500] Loss: 0.5068
[2020-09-29 05:55:31,228] INFO - Epoch [11/80], Step [100/500] Loss: 0.5061
[2020-09-29 05:56:05,483] INFO - Epoch [11/80], Step [200/500] Loss: 0.3439
[2020-09-29 05:58:23,567] INFO - Epoch [11/80], Step [300/500] Loss: 0.5424
[2020-09-29 06:00:11,278] INFO - Epoch [11/80], Step [400/500] Loss: 0.4095
[2020-09-29 06:00:22,122] INFO - Epoch [11/80], Step [500/500] Loss: 0.5033
[2020-09-29 06:00:32,876] INFO - Epoch [12/80], Step [100/500] Loss: 0.4470
[2020-09-29 06:01:33,071] INFO - Epoch [12/80], Step [200/500] Loss: 0.3708
[2020-09-29 06:03:54,204] INFO - Epoch [12/80], Step [300/500] Loss: 0.4946
[2020-09-29 06:05:13,755] INFO - Epoch [12/80], Step [400/500] Loss: 0.4180
[2020-09-29 06:05:24,519] INFO - Epoch [12/80], Step [500/500] Loss: 0.5766
[2020-09-29 06:05:35,793] INFO - Epoch [13/80], Step [100/500] Loss: 0.4997
[2020-09-29 06:06:59,806] INFO - Epoch [13/80], Step [200/500] Loss: 0.5098
[2020-09-29 06:09:15,589] INFO - Epoch [13/80], Step [300/500] Loss: 0.4097
[2020-09-29 06:10:15,577] INFO - Epoch [13/80], Step [400/500] Loss: 0.5359
[2020-09-29 06:10:26,352] INFO - Epoch [13/80], Step [500/500] Loss: 0.4483
[2020-09-29 06:10:38,233] INFO - Epoch [14/80], Step [100/500] Loss: 0.2680
[2020-09-29 06:12:14,374] INFO - Epoch [14/80], Step [200/500] Loss: 0.3883
[2020-09-29 06:14:26,572] INFO - Epoch [14/80], Step [300/500] Loss: 0.4541
[2020-09-29 06:15:16,576] INFO - Epoch [14/80], Step [400/500] Loss: 0.3401
[2020-09-29 06:15:27,385] INFO - Epoch [14/80], Step [500/500] Loss: 0.4306
[2020-09-29 06:15:39,865] INFO - Epoch [15/80], Step [100/500] Loss: 0.3496
[2020-09-29 06:17:37,789] INFO - Epoch [15/80], Step [200/500] Loss: 0.4148
[2020-09-29 06:19:59,226] INFO - Epoch [15/80], Step [300/500] Loss: 0.4450
[2020-09-29 06:20:19,383] INFO - Epoch [15/80], Step [400/500] Loss: 0.3993
[2020-09-29 06:20:30,131] INFO - Epoch [15/80], Step [500/500] Loss: 0.4646
[2020-09-29 06:20:53,422] INFO - Epoch [16/80], Step [100/500] Loss: 0.4734
[2020-09-29 06:23:18,695] INFO - Epoch [16/80], Step [200/500] Loss: 0.4785
[2020-09-29 06:25:11,270] INFO - Epoch [16/80], Step [300/500] Loss: 0.5466
[2020-09-29 06:25:22,735] INFO - Epoch [16/80], Step [400/500] Loss: 0.3116
[2020-09-29 06:25:34,136] INFO - Epoch [16/80], Step [500/500] Loss: 0.3688
[2020-09-29 06:27:22,621] INFO - Epoch [17/80], Step [100/500] Loss: 0.3092
[2020-09-29 06:30:10,823] INFO - Epoch [17/80], Step [200/500] Loss: 0.4137
[2020-09-29 06:30:22,495] INFO - Epoch [17/80], Step [300/500] Loss: 0.4345
[2020-09-29 06:30:33,915] INFO - Epoch [17/80], Step [400/500] Loss: 0.4315
[2020-09-29 06:32:19,642] INFO - Epoch [17/80], Step [500/500] Loss: 0.4073
[2020-09-29 06:34:38,705] INFO - Epoch [18/80], Step [100/500] Loss: 0.3932
[2020-09-29 06:35:17,384] INFO - Epoch [18/80], Step [200/500] Loss: 0.4184
[2020-09-29 06:35:28,227] INFO - Epoch [18/80], Step [300/500] Loss: 0.5073
[2020-09-29 06:35:41,754] INFO - Epoch [18/80], Step [400/500] Loss: 0.3675
[2020-09-29 06:37:41,938] INFO - Epoch [18/80], Step [500/500] Loss: 0.4385
[2020-09-29 06:39:55,366] INFO - Epoch [19/80], Step [100/500] Loss: 0.3635
[2020-09-29 06:40:19,003] INFO - Epoch [19/80], Step [200/500] Loss: 0.3153
[2020-09-29 06:40:29,727] INFO - Epoch [19/80], Step [300/500] Loss: 0.2910
[2020-09-29 06:40:51,815] INFO - Epoch [19/80], Step [400/500] Loss: 0.4689
[2020-09-29 06:43:05,049] INFO - Epoch [19/80], Step [500/500] Loss: 0.3428
[2020-09-29 06:45:09,731] INFO - Epoch [20/80], Step [100/500] Loss: 0.1906
[2020-09-29 06:45:20,518] INFO - Epoch [20/80], Step [200/500] Loss: 0.3402
[2020-09-29 06:45:31,270] INFO - Epoch [20/80], Step [300/500] Loss: 0.4676
[2020-09-29 06:46:10,878] INFO - Epoch [20/80], Step [400/500] Loss: 0.4183
[2020-09-29 06:48:26,597] INFO - Epoch [20/80], Step [500/500] Loss: 0.3427
[2020-09-29 06:50:12,355] INFO - Epoch [21/80], Step [100/500] Loss: 0.3037
[2020-09-29 06:50:23,200] INFO - Epoch [21/80], Step [200/500] Loss: 0.3173
[2020-09-29 06:50:33,907] INFO - Epoch [21/80], Step [300/500] Loss: 0.3159
[2020-09-29 06:51:39,660] INFO - Epoch [21/80], Step [400/500] Loss: 0.3513
[2020-09-29 06:53:44,878] INFO - Epoch [21/80], Step [500/500] Loss: 0.3640
[2020-09-29 06:55:14,042] INFO - Epoch [22/80], Step [100/500] Loss: 0.2679
[2020-09-29 06:55:25,008] INFO - Epoch [22/80], Step [200/500] Loss: 0.3078
[2020-09-29 06:55:36,395] INFO - Epoch [22/80], Step [300/500] Loss: 0.2686
[2020-09-29 06:57:02,239] INFO - Epoch [22/80], Step [400/500] Loss: 0.2793
[2020-09-29 06:59:14,177] INFO - Epoch [22/80], Step [500/500] Loss: 0.2407
[2020-09-29 07:00:15,566] INFO - Epoch [23/80], Step [100/500] Loss: 0.3094
[2020-09-29 07:00:26,466] INFO - Epoch [23/80], Step [200/500] Loss: 0.2393
[2020-09-29 07:00:38,414] INFO - Epoch [23/80], Step [300/500] Loss: 0.2668
[2020-09-29 07:02:17,596] INFO - Epoch [23/80], Step [400/500] Loss: 0.4917
[2020-09-29 07:04:40,925] INFO - Epoch [23/80], Step [500/500] Loss: 0.2906
[2020-09-29 07:05:17,675] INFO - Epoch [24/80], Step [100/500] Loss: 0.2093
[2020-09-29 07:05:28,458] INFO - Epoch [24/80], Step [200/500] Loss: 0.3454
[2020-09-29 07:05:42,392] INFO - Epoch [24/80], Step [300/500] Loss: 0.1755
[2020-09-29 07:07:51,765] INFO - Epoch [24/80], Step [400/500] Loss: 0.3338
[2020-09-29 07:10:09,491] INFO - Epoch [24/80], Step [500/500] Loss: 0.1925
[2020-09-29 07:10:20,232] INFO - Epoch [25/80], Step [100/500] Loss: 0.2003
[2020-09-29 07:10:31,036] INFO - Epoch [25/80], Step [200/500] Loss: 0.2713
[2020-09-29 07:11:06,081] INFO - Epoch [25/80], Step [300/500] Loss: 0.2175
[2020-09-29 07:13:17,149] INFO - Epoch [25/80], Step [400/500] Loss: 0.2892
[2020-09-29 07:15:11,829] INFO - Epoch [25/80], Step [500/500] Loss: 0.1308
[2020-09-29 07:15:22,607] INFO - Epoch [26/80], Step [100/500] Loss: 0.1719
[2020-09-29 07:15:33,370] INFO - Epoch [26/80], Step [200/500] Loss: 0.2571
[2020-09-29 07:16:30,226] INFO - Epoch [26/80], Step [300/500] Loss: 0.2724
[2020-09-29 07:18:47,357] INFO - Epoch [26/80], Step [400/500] Loss: 0.3003
[2020-09-29 07:20:13,340] INFO - Epoch [26/80], Step [500/500] Loss: 0.2322
[2020-09-29 07:20:24,079] INFO - Epoch [27/80], Step [100/500] Loss: 0.1808
[2020-09-29 07:20:35,096] INFO - Epoch [27/80], Step [200/500] Loss: 0.3119
[2020-09-29 07:21:53,490] INFO - Epoch [27/80], Step [300/500] Loss: 0.2527
[2020-09-29 07:24:02,706] INFO - Epoch [27/80], Step [400/500] Loss: 0.2518
[2020-09-29 07:25:14,118] INFO - Epoch [27/80], Step [500/500] Loss: 0.2652
[2020-09-29 07:25:24,860] INFO - Epoch [28/80], Step [100/500] Loss: 0.2282
[2020-09-29 07:25:36,112] INFO - Epoch [28/80], Step [200/500] Loss: 0.2513
[2020-09-29 07:26:58,971] INFO - Epoch [28/80], Step [300/500] Loss: 0.2009
[2020-09-29 07:29:14,693] INFO - Epoch [28/80], Step [400/500] Loss: 0.2350
[2020-09-29 07:30:15,729] INFO - Epoch [28/80], Step [500/500] Loss: 0.2312
[2020-09-29 07:30:26,566] INFO - Epoch [29/80], Step [100/500] Loss: 0.1888
[2020-09-29 07:30:38,527] INFO - Epoch [29/80], Step [200/500] Loss: 0.1514
[2020-09-29 07:32:28,565] INFO - Epoch [29/80], Step [300/500] Loss: 0.2223
[2020-09-29 07:34:43,319] INFO - Epoch [29/80], Step [400/500] Loss: 0.3175
[2020-09-29 07:35:17,942] INFO - Epoch [29/80], Step [500/500] Loss: 0.2236
[2020-09-29 07:35:28,716] INFO - Epoch [30/80], Step [100/500] Loss: 0.1843
[2020-09-29 07:35:42,947] INFO - Epoch [30/80], Step [200/500] Loss: 0.2383
[2020-09-29 07:37:52,296] INFO - Epoch [30/80], Step [300/500] Loss: 0.1922
[2020-09-29 07:40:09,752] INFO - Epoch [30/80], Step [400/500] Loss: 0.1888
[2020-09-29 07:40:20,522] INFO - Epoch [30/80], Step [500/500] Loss: 0.2810
[2020-09-29 07:40:31,298] INFO - Epoch [31/80], Step [100/500] Loss: 0.2389
[2020-09-29 07:41:04,897] INFO - Epoch [31/80], Step [200/500] Loss: 0.2186
[2020-09-29 07:43:15,508] INFO - Epoch [31/80], Step [300/500] Loss: 0.3635
[2020-09-29 07:45:11,663] INFO - Epoch [31/80], Step [400/500] Loss: 0.2518
[2020-09-29 07:45:22,507] INFO - Epoch [31/80], Step [500/500] Loss: 0.1572
[2020-09-29 07:45:33,323] INFO - Epoch [32/80], Step [100/500] Loss: 0.2180
[2020-09-29 07:46:28,123] INFO - Epoch [32/80], Step [200/500] Loss: 0.2083
[2020-09-29 07:48:39,775] INFO - Epoch [32/80], Step [300/500] Loss: 0.2509
[2020-09-29 07:50:12,926] INFO - Epoch [32/80], Step [400/500] Loss: 0.2475
[2020-09-29 07:50:23,781] INFO - Epoch [32/80], Step [500/500] Loss: 0.2391
[2020-09-29 07:50:34,742] INFO - Epoch [33/80], Step [100/500] Loss: 0.2965
[2020-09-29 07:51:46,588] INFO - Epoch [33/80], Step [200/500] Loss: 0.2578
[2020-09-29 07:54:00,354] INFO - Epoch [33/80], Step [300/500] Loss: 0.2133
[2020-09-29 07:55:14,861] INFO - Epoch [33/80], Step [400/500] Loss: 0.2621
[2020-09-29 07:55:25,616] INFO - Epoch [33/80], Step [500/500] Loss: 0.2238
[2020-09-29 07:55:37,215] INFO - Epoch [34/80], Step [100/500] Loss: 0.2159
[2020-09-29 07:57:11,708] INFO - Epoch [34/80], Step [200/500] Loss: 0.1682
[2020-09-29 07:59:15,621] INFO - Epoch [34/80], Step [300/500] Loss: 0.2882
[2020-09-29 08:00:15,947] INFO - Epoch [34/80], Step [400/500] Loss: 0.1767
[2020-09-29 08:00:26,705] INFO - Epoch [34/80], Step [500/500] Loss: 0.1750
[2020-09-29 08:00:38,766] INFO - Epoch [35/80], Step [100/500] Loss: 0.1445
[2020-09-29 08:02:22,812] INFO - Epoch [35/80], Step [200/500] Loss: 0.2052
[2020-09-29 08:04:42,068] INFO - Epoch [35/80], Step [300/500] Loss: 0.2497
[2020-09-29 08:05:18,085] INFO - Epoch [35/80], Step [400/500] Loss: 0.2459
[2020-09-29 08:05:28,837] INFO - Epoch [35/80], Step [500/500] Loss: 0.1393
[2020-09-29 08:05:42,962] INFO - Epoch [36/80], Step [100/500] Loss: 0.2133
[2020-09-29 08:07:49,054] INFO - Epoch [36/80], Step [200/500] Loss: 0.2471
[2020-09-29 08:10:00,596] INFO - Epoch [36/80], Step [300/500] Loss: 0.2069
[2020-09-29 08:10:19,427] INFO - Epoch [36/80], Step [400/500] Loss: 0.1797
[2020-09-29 08:10:30,169] INFO - Epoch [36/80], Step [500/500] Loss: 0.1790
[2020-09-29 08:10:53,447] INFO - Epoch [37/80], Step [100/500] Loss: 0.1542
[2020-09-29 08:13:03,546] INFO - Epoch [37/80], Step [200/500] Loss: 0.2408
[2020-09-29 08:15:10,671] INFO - Epoch [37/80], Step [300/500] Loss: 0.3195
[2020-09-29 08:15:21,522] INFO - Epoch [37/80], Step [400/500] Loss: 0.0828
[2020-09-29 08:15:32,304] INFO - Epoch [37/80], Step [500/500] Loss: 0.2164
[2020-09-29 08:16:18,463] INFO - Epoch [38/80], Step [100/500] Loss: 0.2272
[2020-09-29 08:18:26,813] INFO - Epoch [38/80], Step [200/500] Loss: 0.3351
[2020-09-29 08:20:12,222] INFO - Epoch [38/80], Step [300/500] Loss: 0.2536
[2020-09-29 08:20:23,030] INFO - Epoch [38/80], Step [400/500] Loss: 0.1662
[2020-09-29 08:20:33,862] INFO - Epoch [38/80], Step [500/500] Loss: 0.2527
[2020-09-29 08:21:41,462] INFO - Epoch [39/80], Step [100/500] Loss: 0.1847
[2020-09-29 08:24:01,166] INFO - Epoch [39/80], Step [200/500] Loss: 0.1657
[2020-09-29 08:25:14,978] INFO - Epoch [39/80], Step [300/500] Loss: 0.1256
[2020-09-29 08:25:25,744] INFO - Epoch [39/80], Step [400/500] Loss: 0.2358
[2020-09-29 08:25:37,468] INFO - Epoch [39/80], Step [500/500] Loss: 0.3472
[2020-09-29 08:27:14,185] INFO - Epoch [40/80], Step [100/500] Loss: 0.1978
[2020-09-29 08:29:29,714] INFO - Epoch [40/80], Step [200/500] Loss: 0.2471
[2020-09-29 08:30:17,170] INFO - Epoch [40/80], Step [300/500] Loss: 0.2064
[2020-09-29 08:30:27,970] INFO - Epoch [40/80], Step [400/500] Loss: 0.4182
[2020-09-29 08:30:40,814] INFO - Epoch [40/80], Step [500/500] Loss: 0.2185
[2020-09-29 08:32:37,553] INFO - Epoch [41/80], Step [100/500] Loss: 0.1677
[2020-09-29 08:34:51,130] INFO - Epoch [41/80], Step [200/500] Loss: 0.2791
[2020-09-29 08:35:18,934] INFO - Epoch [41/80], Step [300/500] Loss: 0.2572
[2020-09-29 08:35:29,728] INFO - Epoch [41/80], Step [400/500] Loss: 0.1176
[2020-09-29 08:35:45,578] INFO - Epoch [41/80], Step [500/500] Loss: 0.1861
[2020-09-29 08:37:56,418] INFO - Epoch [42/80], Step [100/500] Loss: 0.1196
[2020-09-29 08:40:10,858] INFO - Epoch [42/80], Step [200/500] Loss: 0.2401
[2020-09-29 08:40:21,672] INFO - Epoch [42/80], Step [300/500] Loss: 0.2336
[2020-09-29 08:40:32,473] INFO - Epoch [42/80], Step [400/500] Loss: 0.2296
[2020-09-29 08:41:17,091] INFO - Epoch [42/80], Step [500/500] Loss: 0.1268
[2020-09-29 08:43:26,583] INFO - Epoch [43/80], Step [100/500] Loss: 0.2039
[2020-09-29 08:45:12,085] INFO - Epoch [43/80], Step [200/500] Loss: 0.1991
[2020-09-29 08:45:22,910] INFO - Epoch [43/80], Step [300/500] Loss: 0.3071
[2020-09-29 08:45:33,761] INFO - Epoch [43/80], Step [400/500] Loss: 0.1562
[2020-09-29 08:46:32,691] INFO - Epoch [43/80], Step [500/500] Loss: 0.1228
[2020-09-29 08:48:44,118] INFO - Epoch [44/80], Step [100/500] Loss: 0.1820
[2020-09-29 08:50:13,559] INFO - Epoch [44/80], Step [200/500] Loss: 0.1488
[2020-09-29 08:50:24,384] INFO - Epoch [44/80], Step [300/500] Loss: 0.2739
[2020-09-29 08:50:35,433] INFO - Epoch [44/80], Step [400/500] Loss: 0.0604
[2020-09-29 08:51:53,929] INFO - Epoch [44/80], Step [500/500] Loss: 0.1731
[2020-09-29 08:54:14,873] INFO - Epoch [45/80], Step [100/500] Loss: 0.1288
[2020-09-29 08:55:15,839] INFO - Epoch [45/80], Step [200/500] Loss: 0.1468
[2020-09-29 08:55:26,784] INFO - Epoch [45/80], Step [300/500] Loss: 0.1650
[2020-09-29 08:55:38,723] INFO - Epoch [45/80], Step [400/500] Loss: 0.3212
[2020-09-29 08:57:25,936] INFO - Epoch [45/80], Step [500/500] Loss: 0.2409
[2020-09-29 08:59:41,013] INFO - Epoch [46/80], Step [100/500] Loss: 0.2290
[2020-09-29 09:00:17,684] INFO - Epoch [46/80], Step [200/500] Loss: 0.1908
[2020-09-29 09:00:28,468] INFO - Epoch [46/80], Step [300/500] Loss: 0.1379
[2020-09-29 09:00:41,861] INFO - Epoch [46/80], Step [400/500] Loss: 0.1614
[2020-09-29 09:02:41,741] INFO - Epoch [46/80], Step [500/500] Loss: 0.1617
[2020-09-29 09:04:52,753] INFO - Epoch [47/80], Step [100/500] Loss: 0.1626
[2020-09-29 09:05:19,010] INFO - Epoch [47/80], Step [200/500] Loss: 0.2536
[2020-09-29 09:05:29,799] INFO - Epoch [47/80], Step [300/500] Loss: 0.1170
[2020-09-29 09:05:46,415] INFO - Epoch [47/80], Step [400/500] Loss: 0.2040
[2020-09-29 09:07:53,284] INFO - Epoch [47/80], Step [500/500] Loss: 0.1932
[2020-09-29 09:10:09,718] INFO - Epoch [48/80], Step [100/500] Loss: 0.1188
[2020-09-29 09:10:20,480] INFO - Epoch [48/80], Step [200/500] Loss: 0.2021
[2020-09-29 09:10:31,289] INFO - Epoch [48/80], Step [300/500] Loss: 0.2139
[2020-09-29 09:11:04,016] INFO - Epoch [48/80], Step [400/500] Loss: 0.2014
[2020-09-29 09:13:22,374] INFO - Epoch [48/80], Step [500/500] Loss: 0.2418
[2020-09-29 09:15:11,356] INFO - Epoch [49/80], Step [100/500] Loss: 0.2228
[2020-09-29 09:15:22,156] INFO - Epoch [49/80], Step [200/500] Loss: 0.1734
[2020-09-29 09:15:32,964] INFO - Epoch [49/80], Step [300/500] Loss: 0.1201
[2020-09-29 09:16:24,355] INFO - Epoch [49/80], Step [400/500] Loss: 0.1421
[2020-09-29 09:18:41,521] INFO - Epoch [49/80], Step [500/500] Loss: 0.1732
[2020-09-29 09:20:13,414] INFO - Epoch [50/80], Step [100/500] Loss: 0.1503
[2020-09-29 09:20:24,317] INFO - Epoch [50/80], Step [200/500] Loss: 0.1893
[2020-09-29 09:20:35,206] INFO - Epoch [50/80], Step [300/500] Loss: 0.1203
[2020-09-29 09:21:51,624] INFO - Epoch [50/80], Step [400/500] Loss: 0.0957
[2020-09-29 09:24:11,056] INFO - Epoch [50/80], Step [500/500] Loss: 0.1569
[2020-09-29 09:25:15,761] INFO - Epoch [51/80], Step [100/500] Loss: 0.2081
[2020-09-29 09:25:26,572] INFO - Epoch [51/80], Step [200/500] Loss: 0.1585
[2020-09-29 09:25:38,416] INFO - Epoch [51/80], Step [300/500] Loss: 0.1570
[2020-09-29 09:27:22,167] INFO - Epoch [51/80], Step [400/500] Loss: 0.1393
[2020-09-29 09:29:37,124] INFO - Epoch [51/80], Step [500/500] Loss: 0.1155
[2020-09-29 09:30:17,635] INFO - Epoch [52/80], Step [100/500] Loss: 0.1543
[2020-09-29 09:30:28,375] INFO - Epoch [52/80], Step [200/500] Loss: 0.1918
[2020-09-29 09:30:41,794] INFO - Epoch [52/80], Step [300/500] Loss: 0.1602
[2020-09-29 09:32:42,360] INFO - Epoch [52/80], Step [400/500] Loss: 0.1509
[2020-09-29 09:34:59,843] INFO - Epoch [52/80], Step [500/500] Loss: 0.1152
[2020-09-29 09:35:19,734] INFO - Epoch [53/80], Step [100/500] Loss: 0.1083
[2020-09-29 09:35:30,666] INFO - Epoch [53/80], Step [200/500] Loss: 0.1586
[2020-09-29 09:35:57,202] INFO - Epoch [53/80], Step [300/500] Loss: 0.1477
[2020-09-29 09:38:09,888] INFO - Epoch [53/80], Step [400/500] Loss: 0.1736
[2020-09-29 09:40:11,110] INFO - Epoch [53/80], Step [500/500] Loss: 0.1003
[2020-09-29 09:40:22,008] INFO - Epoch [54/80], Step [100/500] Loss: 0.1208
[2020-09-29 09:40:32,882] INFO - Epoch [54/80], Step [200/500] Loss: 0.1322
[2020-09-29 09:41:21,055] INFO - Epoch [54/80], Step [300/500] Loss: 0.1273
[2020-09-29 09:43:27,187] INFO - Epoch [54/80], Step [400/500] Loss: 0.1747
[2020-09-29 09:45:12,211] INFO - Epoch [54/80], Step [500/500] Loss: 0.1762
[2020-09-29 09:45:23,047] INFO - Epoch [55/80], Step [100/500] Loss: 0.1557
[2020-09-29 09:45:33,853] INFO - Epoch [55/80], Step [200/500] Loss: 0.1406
[2020-09-29 09:46:39,413] INFO - Epoch [55/80], Step [300/500] Loss: 0.1537
[2020-09-29 09:48:55,441] INFO - Epoch [55/80], Step [400/500] Loss: 0.2345
[2020-09-29 09:50:14,241] INFO - Epoch [55/80], Step [500/500] Loss: 0.1474
[2020-09-29 09:50:25,028] INFO - Epoch [56/80], Step [100/500] Loss: 0.1411
[2020-09-29 09:50:36,234] INFO - Epoch [56/80], Step [200/500] Loss: 0.1646
[2020-09-29 09:52:02,546] INFO - Epoch [56/80], Step [300/500] Loss: 0.0966
[2020-09-29 09:54:18,949] INFO - Epoch [56/80], Step [400/500] Loss: 0.1974
[2020-09-29 09:55:16,481] INFO - Epoch [56/80], Step [500/500] Loss: 0.1442
[2020-09-29 09:55:27,225] INFO - Epoch [57/80], Step [100/500] Loss: 0.1845
[2020-09-29 09:55:39,264] INFO - Epoch [57/80], Step [200/500] Loss: 0.1592
[2020-09-29 09:57:22,711] INFO - Epoch [57/80], Step [300/500] Loss: 0.1632
[2020-09-29 09:59:33,008] INFO - Epoch [57/80], Step [400/500] Loss: 0.3371
[2020-09-29 10:00:17,636] INFO - Epoch [57/80], Step [500/500] Loss: 0.1321
[2020-09-29 10:00:28,522] INFO - Epoch [58/80], Step [100/500] Loss: 0.1948
[2020-09-29 10:00:41,965] INFO - Epoch [58/80], Step [200/500] Loss: 0.0441
[2020-09-29 10:02:45,249] INFO - Epoch [58/80], Step [300/500] Loss: 0.1710
[2020-09-29 10:05:04,520] INFO - Epoch [58/80], Step [400/500] Loss: 0.1505
[2020-09-29 10:05:20,046] INFO - Epoch [58/80], Step [500/500] Loss: 0.2308
[2020-09-29 10:05:30,784] INFO - Epoch [59/80], Step [100/500] Loss: 0.1114
[2020-09-29 10:05:57,380] INFO - Epoch [59/80], Step [200/500] Loss: 0.1838
[2020-09-29 10:08:07,842] INFO - Epoch [59/80], Step [300/500] Loss: 0.0658
[2020-09-29 10:10:10,767] INFO - Epoch [59/80], Step [400/500] Loss: 0.1564
[2020-09-29 10:10:21,584] INFO - Epoch [59/80], Step [500/500] Loss: 0.1930
[2020-09-29 10:10:32,398] INFO - Epoch [60/80], Step [100/500] Loss: 0.2390
[2020-09-29 10:11:16,799] INFO - Epoch [60/80], Step [200/500] Loss: 0.0971
[2020-09-29 10:13:22,593] INFO - Epoch [60/80], Step [300/500] Loss: 0.1119
[2020-09-29 10:15:11,944] INFO - Epoch [60/80], Step [400/500] Loss: 0.1930
[2020-09-29 10:15:22,689] INFO - Epoch [60/80], Step [500/500] Loss: 0.1985
[2020-09-29 10:15:33,521] INFO - Epoch [61/80], Step [100/500] Loss: 0.2333
[2020-09-29 10:16:30,951] INFO - Epoch [61/80], Step [200/500] Loss: 0.2117
[2020-09-29 10:18:46,045] INFO - Epoch [61/80], Step [300/500] Loss: 0.2299
[2020-09-29 10:20:13,652] INFO - Epoch [61/80], Step [400/500] Loss: 0.1346
[2020-09-29 10:20:24,443] INFO - Epoch [61/80], Step [500/500] Loss: 0.1874
[2020-09-29 10:20:35,388] INFO - Epoch [62/80], Step [100/500] Loss: 0.1820
[2020-09-29 10:21:57,057] INFO - Epoch [62/80], Step [200/500] Loss: 0.2102
[2020-09-29 10:24:08,365] INFO - Epoch [62/80], Step [300/500] Loss: 0.1053
[2020-09-29 10:25:15,268] INFO - Epoch [62/80], Step [400/500] Loss: 0.0864
[2020-09-29 10:25:26,091] INFO - Epoch [62/80], Step [500/500] Loss: 0.1387
[2020-09-29 10:25:37,650] INFO - Epoch [63/80], Step [100/500] Loss: 0.2555
[2020-09-29 10:27:08,294] INFO - Epoch [63/80], Step [200/500] Loss: 0.1701
[2020-09-29 10:29:29,305] INFO - Epoch [63/80], Step [300/500] Loss: 0.2272
[2020-09-29 10:30:17,043] INFO - Epoch [63/80], Step [400/500] Loss: 0.1245
[2020-09-29 10:30:27,813] INFO - Epoch [63/80], Step [500/500] Loss: 0.1401
[2020-09-29 10:30:40,178] INFO - Epoch [64/80], Step [100/500] Loss: 0.1178
[2020-09-29 10:32:32,268] INFO - Epoch [64/80], Step [200/500] Loss: 0.1320
[2020-09-29 10:34:41,921] INFO - Epoch [64/80], Step [300/500] Loss: 0.1714
[2020-09-29 10:35:18,370] INFO - Epoch [64/80], Step [400/500] Loss: 0.0960
[2020-09-29 10:35:29,124] INFO - Epoch [64/80], Step [500/500] Loss: 0.1660
[2020-09-29 10:35:43,128] INFO - Epoch [65/80], Step [100/500] Loss: 0.1236
[2020-09-29 10:37:50,606] INFO - Epoch [65/80], Step [200/500] Loss: 0.1111
[2020-09-29 10:40:09,848] INFO - Epoch [65/80], Step [300/500] Loss: 0.1683
[2020-09-29 10:40:20,658] INFO - Epoch [65/80], Step [400/500] Loss: 0.1054
[2020-09-29 10:40:31,493] INFO - Epoch [65/80], Step [500/500] Loss: 0.1223
[2020-09-29 10:41:03,926] INFO - Epoch [66/80], Step [100/500] Loss: 0.2027
[2020-09-29 10:43:12,445] INFO - Epoch [66/80], Step [200/500] Loss: 0.0921
[2020-09-29 10:45:10,901] INFO - Epoch [66/80], Step [300/500] Loss: 0.2290
[2020-09-29 10:45:21,711] INFO - Epoch [66/80], Step [400/500] Loss: 0.1061
[2020-09-29 10:45:32,519] INFO - Epoch [66/80], Step [500/500] Loss: 0.1648
[2020-09-29 10:46:15,796] INFO - Epoch [67/80], Step [100/500] Loss: 0.2609
[2020-09-29 10:48:34,111] INFO - Epoch [67/80], Step [200/500] Loss: 0.0778
[2020-09-29 10:50:13,234] INFO - Epoch [67/80], Step [300/500] Loss: 0.1422
[2020-09-29 10:50:23,986] INFO - Epoch [67/80], Step [400/500] Loss: 0.1549
[2020-09-29 10:50:34,715] INFO - Epoch [67/80], Step [500/500] Loss: 0.2001
[2020-09-29 10:51:42,068] INFO - Epoch [68/80], Step [100/500] Loss: 0.1347
[2020-09-29 10:53:59,604] INFO - Epoch [68/80], Step [200/500] Loss: 0.1119
[2020-09-29 10:55:15,196] INFO - Epoch [68/80], Step [300/500] Loss: 0.1151
[2020-09-29 10:55:26,019] INFO - Epoch [68/80], Step [400/500] Loss: 0.0784
[2020-09-29 10:55:37,575] INFO - Epoch [68/80], Step [500/500] Loss: 0.1759
[2020-09-29 10:57:09,447] INFO - Epoch [69/80], Step [100/500] Loss: 0.0947
[2020-09-29 10:59:19,226] INFO - Epoch [69/80], Step [200/500] Loss: 0.1698
[2020-09-29 11:00:16,048] INFO - Epoch [69/80], Step [300/500] Loss: 0.1767
[2020-09-29 11:00:26,831] INFO - Epoch [69/80], Step [400/500] Loss: 0.2339
[2020-09-29 11:00:38,632] INFO - Epoch [69/80], Step [500/500] Loss: 0.0532
[2020-09-29 11:02:19,142] INFO - Epoch [70/80], Step [100/500] Loss: 0.1482
[2020-09-29 11:04:28,515] INFO - Epoch [70/80], Step [200/500] Loss: 0.1545
[2020-09-29 11:05:17,179] INFO - Epoch [70/80], Step [300/500] Loss: 0.0714
[2020-09-29 11:05:28,048] INFO - Epoch [70/80], Step [400/500] Loss: 0.1501
[2020-09-29 11:05:40,826] INFO - Epoch [70/80], Step [500/500] Loss: 0.1484
[2020-09-29 11:07:38,529] INFO - Epoch [71/80], Step [100/500] Loss: 0.1978
[2020-09-29 11:09:50,667] INFO - Epoch [71/80], Step [200/500] Loss: 0.1526
[2020-09-29 11:10:19,195] INFO - Epoch [71/80], Step [300/500] Loss: 0.1165
[2020-09-29 11:10:30,031] INFO - Epoch [71/80], Step [400/500] Loss: 0.1606
[2020-09-29 11:10:45,533] INFO - Epoch [71/80], Step [500/500] Loss: 0.1100
[2020-09-29 11:13:07,430] INFO - Epoch [72/80], Step [100/500] Loss: 0.1435
[2020-09-29 11:15:11,257] INFO - Epoch [72/80], Step [200/500] Loss: 0.2080
[2020-09-29 11:15:22,113] INFO - Epoch [72/80], Step [300/500] Loss: 0.1524
[2020-09-29 11:15:32,896] INFO - Epoch [72/80], Step [400/500] Loss: 0.1743
[2020-09-29 11:16:22,066] INFO - Epoch [72/80], Step [500/500] Loss: 0.1783
[2020-09-29 11:18:42,873] INFO - Epoch [73/80], Step [100/500] Loss: 0.1945
[2020-09-29 11:20:13,525] INFO - Epoch [73/80], Step [200/500] Loss: 0.0854
[2020-09-29 11:20:24,302] INFO - Epoch [73/80], Step [300/500] Loss: 0.2084
[2020-09-29 11:20:35,279] INFO - Epoch [73/80], Step [400/500] Loss: 0.1716
[2020-09-29 11:21:52,238] INFO - Epoch [73/80], Step [500/500] Loss: 0.0819
[2020-09-29 11:24:09,197] INFO - Epoch [74/80], Step [100/500] Loss: 0.1478
[2020-09-29 11:25:15,605] INFO - Epoch [74/80], Step [200/500] Loss: 0.1483
[2020-09-29 11:25:26,410] INFO - Epoch [74/80], Step [300/500] Loss: 0.0607
[2020-09-29 11:25:37,990] INFO - Epoch [74/80], Step [400/500] Loss: 0.1159
[2020-09-29 11:27:16,410] INFO - Epoch [74/80], Step [500/500] Loss: 0.1441
[2020-09-29 11:29:22,399] INFO - Epoch [75/80], Step [100/500] Loss: 0.1471
[2020-09-29 11:30:17,085] INFO - Epoch [75/80], Step [200/500] Loss: 0.1636
[2020-09-29 11:30:27,825] INFO - Epoch [75/80], Step [300/500] Loss: 0.1599
[2020-09-29 11:30:40,185] INFO - Epoch [75/80], Step [400/500] Loss: 0.1201
[2020-09-29 11:32:29,394] INFO - Epoch [75/80], Step [500/500] Loss: 0.1308
[2020-09-29 11:34:43,430] INFO - Epoch [76/80], Step [100/500] Loss: 0.1681
[2020-09-29 11:35:18,628] INFO - Epoch [76/80], Step [200/500] Loss: 0.0806
[2020-09-29 11:35:29,407] INFO - Epoch [76/80], Step [300/500] Loss: 0.1526
[2020-09-29 11:35:43,559] INFO - Epoch [76/80], Step [400/500] Loss: 0.2135
[2020-09-29 11:37:49,552] INFO - Epoch [76/80], Step [500/500] Loss: 0.2025
[2020-09-29 11:40:05,038] INFO - Epoch [77/80], Step [100/500] Loss: 0.1643
[2020-09-29 11:40:20,264] INFO - Epoch [77/80], Step [200/500] Loss: 0.1987
[2020-09-29 11:40:31,085] INFO - Epoch [77/80], Step [300/500] Loss: 0.1271
[2020-09-29 11:40:59,673] INFO - Epoch [77/80], Step [400/500] Loss: 0.1248
[2020-09-29 11:43:13,466] INFO - Epoch [77/80], Step [500/500] Loss: 0.1763
[2020-09-29 11:45:11,293] INFO - Epoch [78/80], Step [100/500] Loss: 0.1491
[2020-09-29 11:45:22,121] INFO - Epoch [78/80], Step [200/500] Loss: 0.1206
[2020-09-29 11:45:32,913] INFO - Epoch [78/80], Step [300/500] Loss: 0.1209
[2020-09-29 11:46:20,336] INFO - Epoch [78/80], Step [400/500] Loss: 0.1062
[2020-09-29 11:48:33,511] INFO - Epoch [78/80], Step [500/500] Loss: 0.0879
[2020-09-29 11:50:13,257] INFO - Epoch [79/80], Step [100/500] Loss: 0.1310
[2020-09-29 11:50:24,062] INFO - Epoch [79/80], Step [200/500] Loss: 0.2444
[2020-09-29 11:50:34,824] INFO - Epoch [79/80], Step [300/500] Loss: 0.2105
[2020-09-29 11:51:49,166] INFO - Epoch [79/80], Step [400/500] Loss: 0.1738
[2020-09-29 11:54:01,227] INFO - Epoch [79/80], Step [500/500] Loss: 0.0598
[2020-09-29 11:55:15,281] INFO - Epoch [80/80], Step [100/500] Loss: 0.1545
[2020-09-29 11:55:26,038] INFO - Epoch [80/80], Step [200/500] Loss: 0.1627
[2020-09-29 11:55:37,471] INFO - Epoch [80/80], Step [300/500] Loss: 0.1621
[2020-09-29 11:57:13,528] INFO - Epoch [80/80], Step [400/500] Loss: 0.1451
[2020-09-29 11:59:31,566] INFO - Epoch [80/80], Step [500/500] Loss: 0.1572
[2020-09-29 11:59:31,566] INFO - 'train' duration (secs):  24984.5468
[2020-09-29 12:00:07,276] INFO - Accuracy of the model on the test images: 87.98 %
[2020-09-29 12:00:07,276] INFO - 'evaluate' duration (secs):  35.7097
[2020-09-29 12:00:07,277] INFO - 'main' duration (secs):  25021.7229
